Base path: C:/Program Files/Unity/Editor/Data
Pipe name: \\.\pipe\UnityShaderCompiler-64bit-3-1164
Cmd: getPlatforms
Cmd: compileSnippet
  api=1 type=0 insize=982 outsize=1129 kw=DIRECTIONAL SHADOWS_SCREEN LIGHTMAP_OFF DIRLIGHTMAP_COMBINED DYNAMICLIGHTMAP_ON FOG_EXP pd= ok=1
Cmd: compileSnippet
  api=4 type=0 insize=982 outsize=5548 kw=DIRECTIONAL SHADOWS_OFF LIGHTMAP_OFF DIRLIGHTMAP_OFF DYNAMICLIGHTMAP_OFF FOG_EXP VERTEXLIGHT_ON pd= ok=1
Cmd: compileSnippet
  api=1 type=0 insize=982 outsize=1129 kw=DIRECTIONAL SHADOWS_SCREEN LIGHTMAP_OFF DIRLIGHTMAP_COMBINED DYNAMICLIGHTMAP_ON FOG_EXP VERTEXLIGHT_ON pd= ok=1
Cmd: compileSnippet
  api=1 type=0 insize=982 outsize=946 kw=DIRECTIONAL SHADOWS_OFF LIGHTMAP_OFF DIRLIGHTMAP_COMBINED DYNAMICLIGHTMAP_ON _NORMALMAP pd= ok=1
Cmd: compileSnippet
  api=4 type=0 insize=982 outsize=5060 kw=DIRECTIONAL SHADOWS_SCREEN LIGHTMAP_OFF DIRLIGHTMAP_OFF DYNAMICLIGHTMAP_OFF _NORMALMAP pd= ok=1
Cmd: compileSnippet
  api=4 type=0 insize=982 outsize=6116 kw=DIRECTIONAL SHADOWS_OFF LIGHTMAP_OFF DIRLIGHTMAP_OFF DYNAMICLIGHTMAP_OFF VERTEXLIGHT_ON _NORMALMAP pd= ok=1
Cmd: compileSnippet
  api=1 type=0 insize=982 outsize=1095 kw=DIRECTIONAL SHADOWS_SCREEN LIGHTMAP_OFF DIRLIGHTMAP_COMBINED DYNAMICLIGHTMAP_ON VERTEXLIGHT_ON _NORMALMAP pd= ok=1
Cmd: compileSnippet
  api=1 type=0 insize=982 outsize=1122 kw=DIRECTIONAL SHADOWS_OFF LIGHTMAP_OFF DIRLIGHTMAP_OFF DYNAMICLIGHTMAP_OFF FOG_EXP _NORMALMAP pd= ok=1
Cmd: compileSnippet
  api=4 type=0 insize=982 outsize=5174 kw=DIRECTIONAL SHADOWS_SCREEN LIGHTMAP_OFF DIRLIGHTMAP_OFF DYNAMICLIGHTMAP_OFF FOG_EXP _NORMALMAP pd= ok=1
Cmd: compileSnippet
  api=1 type=0 insize=982 outsize=995 kw=DIRECTIONAL SHADOWS_OFF LIGHTMAP_OFF DIRLIGHTMAP_COMBINED DYNAMICLIGHTMAP_ON FOG_EXP VERTEXLIGHT_ON _NORMALMAP pd= ok=1
Cmd: compileSnippet
  api=1 type=0 insize=982 outsize=1726 kw=DIRECTIONAL SHADOWS_SCREEN LIGHTMAP_OFF DIRLIGHTMAP_OFF DYNAMICLIGHTMAP_OFF FOG_EXP VERTEXLIGHT_ON _NORMALMAP pd= ok=1
Cmd: compileSnippet
  api=1 type=0 insize=982 outsize=1387 kw=DIRECTIONAL SHADOWS_OFF LIGHTMAP_OFF DIRLIGHTMAP_OFF DYNAMICLIGHTMAP_OFF _PARALLAXMAP _NORMALMAP pd= ok=1
Cmd: compileSnippet
  api=4 type=0 insize=982 outsize=5653 kw=DIRECTIONAL SHADOWS_SCREEN LIGHTMAP_OFF DIRLIGHTMAP_COMBINED DYNAMICLIGHTMAP_ON _PARALLAXMAP _NORMALMAP pd= ok=1
Cmd: compileSnippet
  api=4 type=0 insize=982 outsize=5296 kw=DIRECTIONAL SHADOWS_OFF LIGHTMAP_OFF DIRLIGHTMAP_COMBINED DYNAMICLIGHTMAP_ON VERTEXLIGHT_ON _PARALLAXMAP _NORMALMAP pd= ok=1
Cmd: compileSnippet
  api=1 type=0 insize=982 outsize=1409 kw=DIRECTIONAL SHADOWS_SCREEN LIGHTMAP_OFF DIRLIGHTMAP_COMBINED DYNAMICLIGHTMAP_ON VERTEXLIGHT_ON _PARALLAXMAP _NORMALMAP pd= ok=1
Cmd: compileSnippet
  api=1 type=0 insize=982 outsize=1436 kw=DIRECTIONAL SHADOWS_OFF LIGHTMAP_OFF DIRLIGHTMAP_OFF DYNAMICLIGHTMAP_OFF FOG_EXP _PARALLAXMAP _NORMALMAP pd= ok=1
Cmd: compileSnippet
  api=1 type=0 insize=982 outsize=1570 kw=DIRECTIONAL SHADOWS_SCREEN LIGHTMAP_OFF DIRLIGHTMAP_OFF DYNAMICLIGHTMAP_OFF FOG_EXP _PARALLAXMAP _NORMALMAP pd= ok=1
Cmd: compileSnippet
  api=4 type=0 insize=982 outsize=7148 kw=DIRECTIONAL SHADOWS_OFF LIGHTMAP_OFF DIRLIGHTMAP_OFF DYNAMICLIGHTMAP_OFF FOG_EXP VERTEXLIGHT_ON _PARALLAXMAP _NORMALMAP pd= ok=1
Cmd: compileSnippet
  api=4 type=0 insize=982 outsize=7465 kw=DIRECTIONAL SHADOWS_SCREEN LIGHTMAP_OFF DIRLIGHTMAP_OFF DYNAMICLIGHTMAP_OFF FOG_EXP VERTEXLIGHT_ON _PARALLAXMAP _NORMALMAP pd= ok=1
Cmd: compileSnippet
  api=1 type=1 insize=982 outsize=3850 kw=DIRECTIONAL SHADOWS_OFF LIGHTMAP_OFF DIRLIGHTMAP_OFF DYNAMICLIGHTMAP_OFF FOG_EXP pd= ok=1
Cmd: compileSnippet
  api=4 type=1 insize=982 outsize=11820 kw=DIRECTIONAL SHADOWS_SCREEN LIGHTMAP_OFF DIRLIGHTMAP_COMBINED DYNAMICLIGHTMAP_ON FOG_EXP pd= ok=1
Cmd: compileSnippet
  api=1 type=1 insize=982 outsize=4321 kw=DIRECTIONAL SHADOWS_OFF LIGHTMAP_OFF DIRLIGHTMAP_COMBINED DYNAMICLIGHTMAP_ON _NORMALMAP pd= ok=1
Cmd: compileSnippet
  api=4 type=1 insize=982 outsize=12178 kw=DIRECTIONAL SHADOWS_SCREEN LIGHTMAP_OFF DIRLIGHTMAP_COMBINED DYNAMICLIGHTMAP_ON _NORMALMAP pd= ok=1
Cmd: compileSnippet
  api=1 type=1 insize=982 outsize=4290 kw=DIRECTIONAL SHADOWS_SCREEN LIGHTMAP_OFF DIRLIGHTMAP_OFF DYNAMICLIGHTMAP_OFF FOG_EXP _NORMALMAP pd= ok=1
Cmd: compileSnippet
  api=4 type=1 insize=982 outsize=12608 kw=DIRECTIONAL SHADOWS_SCREEN LIGHTMAP_OFF DIRLIGHTMAP_COMBINED DYNAMICLIGHTMAP_ON FOG_EXP _NORMALMAP pd= ok=1
Cmd: compileSnippet
  api=1 type=1 insize=982 outsize=4441 kw=DIRECTIONAL SHADOWS_SCREEN LIGHTMAP_OFF DIRLIGHTMAP_OFF DYNAMICLIGHTMAP_OFF _PARALLAXMAP _NORMALMAP pd= ok=1
Cmd: compileSnippet
  api=4 type=1 insize=982 outsize=12600 kw=DIRECTIONAL SHADOWS_OFF LIGHTMAP_OFF DIRLIGHTMAP_OFF DYNAMICLIGHTMAP_OFF FOG_EXP _PARALLAXMAP _NORMALMAP pd= ok=1
Cmd: compileSnippet
  api=1 type=1 insize=982 outsize=4833 kw=DIRECTIONAL SHADOWS_SCREEN LIGHTMAP_OFF DIRLIGHTMAP_COMBINED DYNAMICLIGHTMAP_ON FOG_EXP _PARALLAXMAP _NORMALMAP pd= ok=1
Cmd: compileSnippet
  api=1 type=0 insize=938 outsize=972 kw=POINT SHADOWS_OFF FOG_EXP pd= ok=1
Cmd: compileSnippet
  api=1 type=0 insize=938 outsize=986 kw=SPOT SHADOWS_OFF FOG_EXP pd= ok=1
Cmd: compileSnippet
  api=1 type=0 insize=938 outsize=953 kw=DIRECTIONAL_COOKIE SHADOWS_OFF FOG_EXP pd= ok=1
Cmd: compileSnippet
  api=4 type=0 insize=938 outsize=5361 kw=SPOT SHADOWS_DEPTH SHADOWS_NATIVE FOG_EXP pd= ok=1
Cmd: compileSnippet
  api=4 type=0 insize=938 outsize=5320 kw=DIRECTIONAL_COOKIE SHADOWS_SCREEN FOG_EXP pd= ok=1
Cmd: compileSnippet
  api=1 type=0 insize=938 outsize=1076 kw=SPOT SHADOWS_DEPTH SHADOWS_SOFT SHADOWS_NATIVE FOG_EXP pd= ok=1
Cmd: compileSnippet
  api=1 type=0 insize=938 outsize=1014 kw=POINT_COOKIE SHADOWS_CUBE SHADOWS_SOFT FOG_EXP pd= ok=1
Cmd: compileSnippet
  api=1 type=0 insize=938 outsize=923 kw=POINT SHADOWS_OFF _NORMALMAP pd= ok=1
Cmd: compileSnippet
  api=1 type=0 insize=938 outsize=937 kw=SPOT SHADOWS_OFF _NORMALMAP pd= ok=1
Cmd: compileSnippet
  api=1 type=0 insize=938 outsize=904 kw=DIRECTIONAL_COOKIE SHADOWS_OFF _NORMALMAP pd= ok=1
Cmd: compileSnippet
  api=1 type=0 insize=938 outsize=999 kw=DIRECTIONAL SHADOWS_SCREEN _NORMALMAP pd= ok=1
Cmd: compileSnippet
  api=4 type=0 insize=938 outsize=5149 kw=DIRECTIONAL_COOKIE SHADOWS_SCREEN _NORMALMAP pd= ok=1
Cmd: compileSnippet
  api=4 type=0 insize=938 outsize=4938 kw=POINT_COOKIE SHADOWS_CUBE _NORMALMAP pd= ok=1
Cmd: compileSnippet
  api=1 type=0 insize=938 outsize=965 kw=POINT_COOKIE SHADOWS_CUBE SHADOWS_SOFT _NORMALMAP pd= ok=1
Cmd: compileSnippet
  api=1 type=0 insize=938 outsize=879 kw=DIRECTIONAL SHADOWS_OFF FOG_EXP _NORMALMAP pd= ok=1
Cmd: compileSnippet
  api=1 type=0 insize=938 outsize=986 kw=SPOT SHADOWS_OFF FOG_EXP _NORMALMAP pd= ok=1
Cmd: compileSnippet
  api=1 type=0 insize=938 outsize=953 kw=DIRECTIONAL_COOKIE SHADOWS_OFF FOG_EXP _NORMALMAP pd= ok=1
Cmd: compileSnippet
  api=4 type=0 insize=938 outsize=5361 kw=SPOT SHADOWS_DEPTH SHADOWS_NATIVE FOG_EXP _NORMALMAP pd= ok=1
Cmd: compileSnippet
  api=1 type=0 insize=938 outsize=1107 kw=DIRECTIONAL_COOKIE SHADOWS_SCREEN FOG_EXP _NORMALMAP pd= ok=1
Cmd: compileSnippet
  api=1 type=0 insize=938 outsize=1014 kw=POINT_COOKIE SHADOWS_CUBE FOG_EXP _NORMALMAP pd= ok=1
Cmd: compileSnippet
  api=1 type=0 insize=938 outsize=1014 kw=POINT SHADOWS_CUBE SHADOWS_SOFT FOG_EXP _NORMALMAP pd= ok=1
Cmd: compileSnippet
  api=4 type=0 insize=938 outsize=5093 kw=POINT_COOKIE SHADOWS_CUBE SHADOWS_SOFT FOG_EXP _NORMALMAP pd= ok=1
Cmd: compileSnippet
  api=1 type=0 insize=938 outsize=1343 kw=SPOT SHADOWS_OFF _PARALLAXMAP _NORMALMAP pd= ok=1
Cmd: compileSnippet
  api=4 type=0 insize=938 outsize=5864 kw=POINT_COOKIE SHADOWS_OFF _PARALLAXMAP _NORMALMAP pd= ok=1
Cmd: compileSnippet
  api=4 type=0 insize=938 outsize=6279 kw=SPOT SHADOWS_DEPTH SHADOWS_NATIVE _PARALLAXMAP _NORMALMAP pd= ok=1
Cmd: compileSnippet
  api=1 type=0 insize=938 outsize=1369 kw=POINT SHADOWS_CUBE _PARALLAXMAP _NORMALMAP pd= ok=1
Cmd: compileSnippet
  api=4 type=0 insize=938 outsize=6011 kw=POINT_COOKIE SHADOWS_CUBE _PARALLAXMAP _NORMALMAP pd= ok=1
Cmd: compileSnippet
  api=1 type=0 insize=938 outsize=1369 kw=POINT_COOKIE SHADOWS_CUBE SHADOWS_SOFT _PARALLAXMAP _NORMALMAP pd= ok=1
Cmd: compileSnippet
  api=4 type=0 insize=938 outsize=6019 kw=POINT SHADOWS_OFF FOG_EXP _PARALLAXMAP _NORMALMAP pd= ok=1
Cmd: compileSnippet
  api=1 type=0 insize=938 outsize=1376 kw=POINT_COOKIE SHADOWS_OFF FOG_EXP _PARALLAXMAP _NORMALMAP pd= ok=1
Cmd: compileSnippet
  api=4 type=0 insize=938 outsize=6019 kw=DIRECTIONAL_COOKIE SHADOWS_OFF FOG_EXP _PARALLAXMAP _NORMALMAP pd= ok=1
Cmd: compileSnippet
  api=1 type=0 insize=938 outsize=1491 kw=DIRECTIONAL_COOKIE SHADOWS_SCREEN FOG_EXP _PARALLAXMAP _NORMALMAP pd= ok=1
Cmd: compileSnippet
  api=4 type=0 insize=938 outsize=6165 kw=POINT SHADOWS_CUBE FOG_EXP _PARALLAXMAP _NORMALMAP pd= ok=1
Cmd: compileSnippet
  api=1 type=0 insize=938 outsize=1418 kw=POINT SHADOWS_CUBE SHADOWS_SOFT FOG_EXP _PARALLAXMAP _NORMALMAP pd= ok=1
Cmd: compileSnippet
  api=1 type=0 insize=938 outsize=1418 kw=POINT_COOKIE SHADOWS_CUBE SHADOWS_SOFT FOG_EXP _PARALLAXMAP _NORMALMAP pd= ok=1
Cmd: compileSnippet
  api=4 type=1 insize=938 outsize=6295 kw=POINT SHADOWS_OFF FOG_EXP pd= ok=1
Cmd: compileSnippet
  api=1 type=1 insize=938 outsize=2355 kw=SPOT SHADOWS_OFF FOG_EXP pd= ok=1
Cmd: compileSnippet
  api=1 type=1 insize=938 outsize=2456 kw=SPOT SHADOWS_DEPTH SHADOWS_NATIVE FOG_EXP pd= ok=1
Cmd: compileSnippet
  api=1 type=1 insize=938 outsize=2292 kw=DIRECTIONAL_COOKIE SHADOWS_SCREEN FOG_EXP pd= ok=1
Cmd: compileSnippet
  api=1 type=1 insize=938 outsize=2501 kw=POINT_COOKIE SHADOWS_CUBE FOG_EXP pd= ok=1
Cmd: compileSnippet
  api=1 type=1 insize=938 outsize=2716 kw=POINT SHADOWS_CUBE SHADOWS_SOFT FOG_EXP pd= ok=1
Cmd: compileSnippet
  api=1 type=1 insize=938 outsize=2385 kw=POINT SHADOWS_OFF _NORMALMAP pd= ok=1
Cmd: compileSnippet
  api=4 type=1 insize=938 outsize=7213 kw=SPOT SHADOWS_OFF _NORMALMAP pd= ok=1
Cmd: compileSnippet
  api=1 type=1 insize=938 outsize=2372 kw=DIRECTIONAL_COOKIE SHADOWS_OFF _NORMALMAP pd= ok=1
Cmd: compileSnippet
  api=1 type=1 insize=938 outsize=2370 kw=DIRECTIONAL SHADOWS_SCREEN _NORMALMAP pd= ok=1
Cmd: compileSnippet
  api=4 type=1 insize=938 outsize=6783 kw=DIRECTIONAL_COOKIE SHADOWS_SCREEN _NORMALMAP pd= ok=1
Cmd: compileSnippet
  api=4 type=1 insize=938 outsize=7400 kw=POINT SHADOWS_CUBE _NORMALMAP pd= ok=1
Cmd: compileSnippet
  api=4 type=1 insize=938 outsize=8343 kw=SPOT SHADOWS_DEPTH SHADOWS_SOFT SHADOWS_NATIVE _NORMALMAP pd= ok=1
Cmd: compileSnippet
  api=4 type=1 insize=938 outsize=8359 kw=POINT_COOKIE SHADOWS_CUBE SHADOWS_SOFT _NORMALMAP pd= ok=1
Cmd: compileSnippet
  api=4 type=1 insize=938 outsize=6547 kw=DIRECTIONAL SHADOWS_OFF FOG_EXP _NORMALMAP pd= ok=1
Cmd: compileSnippet
  api=4 type=1 insize=938 outsize=7238 kw=POINT_COOKIE SHADOWS_OFF FOG_EXP _NORMALMAP pd= ok=1
Cmd: compileSnippet
  api=4 type=1 insize=938 outsize=8066 kw=SPOT SHADOWS_DEPTH SHADOWS_NATIVE FOG_EXP _NORMALMAP pd= ok=1
Cmd: compileSnippet
  api=4 type=1 insize=938 outsize=7116 kw=DIRECTIONAL_COOKIE SHADOWS_SCREEN FOG_EXP _NORMALMAP pd= ok=1
Cmd: compileSnippet
  api=4 type=1 insize=938 outsize=7920 kw=POINT_COOKIE SHADOWS_CUBE FOG_EXP _NORMALMAP pd= ok=1
Cmd: compileSnippet
  api=1 type=1 insize=938 outsize=2987 kw=POINT SHADOWS_CUBE SHADOWS_SOFT FOG_EXP _NORMALMAP pd= ok=1
Cmd: compileSnippet
  api=1 type=1 insize=938 outsize=2690 kw=POINT SHADOWS_OFF _PARALLAXMAP _NORMALMAP pd= ok=1
Cmd: compileSnippet
  api=1 type=1 insize=938 outsize=2819 kw=SPOT SHADOWS_OFF _PARALLAXMAP _NORMALMAP pd= ok=1
Cmd: compileSnippet
  api=4 type=1 insize=938 outsize=7221 kw=DIRECTIONAL_COOKIE SHADOWS_OFF _PARALLAXMAP _NORMALMAP pd= ok=1
Cmd: compileSnippet
  api=4 type=1 insize=938 outsize=7278 kw=DIRECTIONAL SHADOWS_SCREEN _PARALLAXMAP _NORMALMAP pd= ok=1
Cmd: compileSnippet
  api=4 type=1 insize=938 outsize=8115 kw=POINT SHADOWS_CUBE _PARALLAXMAP _NORMALMAP pd= ok=1
Cmd: compileSnippet
  api=1 type=1 insize=938 outsize=3212 kw=SPOT SHADOWS_DEPTH SHADOWS_SOFT SHADOWS_NATIVE _PARALLAXMAP _NORMALMAP pd= ok=1
Cmd: compileSnippet
  api=1 type=1 insize=938 outsize=3247 kw=POINT_COOKIE SHADOWS_CUBE SHADOWS_SOFT _PARALLAXMAP _NORMALMAP pd= ok=1
Cmd: compileSnippet
  api=4 type=1 insize=938 outsize=7303 kw=DIRECTIONAL SHADOWS_OFF FOG_EXP _PARALLAXMAP _NORMALMAP pd= ok=1
Cmd: compileSnippet
  api=1 type=1 insize=938 outsize=2834 kw=POINT_COOKIE SHADOWS_OFF FOG_EXP _PARALLAXMAP _NORMALMAP pd= ok=1
Cmd: compileSnippet
  api=4 type=1 insize=938 outsize=8781 kw=SPOT SHADOWS_DEPTH SHADOWS_NATIVE FOG_EXP _PARALLAXMAP _NORMALMAP pd= ok=1
Cmd: compileSnippet
  api=1 type=1 insize=938 outsize=2815 kw=DIRECTIONAL_COOKIE SHADOWS_SCREEN FOG_EXP _PARALLAXMAP _NORMALMAP pd= ok=1
Cmd: compileSnippet
  api=1 type=1 insize=938 outsize=3045 kw=POINT_COOKIE SHADOWS_CUBE FOG_EXP _PARALLAXMAP _NORMALMAP pd= ok=1
Cmd: compileSnippet
  api=4 type=1 insize=938 outsize=9277 kw=POINT SHADOWS_CUBE SHADOWS_SOFT FOG_EXP _PARALLAXMAP _NORMALMAP pd= ok=1
Cmd: compileSnippet
  api=4 type=0 insize=1152 outsize=4703 kw=LIGHTMAP_OFF DIRLIGHTMAP_OFF DYNAMICLIGHTMAP_OFF _NORMALMAP pd= ok=1
Cmd: compileSnippet
  api=4 type=0 insize=1152 outsize=4703 kw=LIGHTMAP_OFF DIRLIGHTMAP_COMBINED DYNAMICLIGHTMAP_OFF _NORMALMAP pd= ok=1
Cmd: compileSnippet
  api=1 type=0 insize=1152 outsize=1260 kw=LIGHTMAP_OFF DIRLIGHTMAP_COMBINED DYNAMICLIGHTMAP_ON _PARALLAXMAP _NORMALMAP pd= ok=1
Cmd: compileSnippet
  api=1 type=0 insize=1152 outsize=1387 kw=LIGHTMAP_OFF DIRLIGHTMAP_SEPARATE DYNAMICLIGHTMAP_OFF _PARALLAXMAP _NORMALMAP pd= ok=1
Cmd: compileSnippet
  api=1 type=0 insize=1152 outsize=1387 kw=LIGHTMAP_OFF DIRLIGHTMAP_OFF DYNAMICLIGHTMAP_OFF UNITY_HDR_ON _PARALLAXMAP _NORMALMAP pd= ok=1
Cmd: compileSnippet
  api=1 type=0 insize=1152 outsize=1387 kw=LIGHTMAP_OFF DIRLIGHTMAP_COMBINED DYNAMICLIGHTMAP_OFF UNITY_HDR_ON _PARALLAXMAP _NORMALMAP pd= ok=1
Cmd: compileSnippet
  api=4 type=0 insize=1152 outsize=5296 kw=LIGHTMAP_OFF DIRLIGHTMAP_COMBINED DYNAMICLIGHTMAP_ON UNITY_HDR_ON _PARALLAXMAP _NORMALMAP pd= ok=1
Cmd: compileSnippet
  api=4 type=1 insize=1152 outsize=4369 kw=LIGHTMAP_OFF DIRLIGHTMAP_OFF DYNAMICLIGHTMAP_OFF _PARALLAXMAP _NORMALMAP pd= ok=1
Cmd: compileSnippet
  api=4 type=1 insize=1152 outsize=3606 kw=LIGHTMAP_OFF DIRLIGHTMAP_COMBINED DYNAMICLIGHTMAP_OFF _NORMALMAP pd= ok=1
Cmd: compileSnippet
  api=4 type=1 insize=1152 outsize=4134 kw=LIGHTMAP_OFF DIRLIGHTMAP_COMBINED DYNAMICLIGHTMAP_ON _NORMALMAP pd= ok=1
Cmd: compileSnippet
  api=4 type=1 insize=1152 outsize=3606 kw=LIGHTMAP_OFF DIRLIGHTMAP_SEPARATE DYNAMICLIGHTMAP_OFF _NORMALMAP pd= ok=1
Cmd: compileSnippet
  api=4 type=1 insize=1152 outsize=3557 kw=LIGHTMAP_OFF DIRLIGHTMAP_OFF DYNAMICLIGHTMAP_OFF UNITY_HDR_ON _NORMALMAP pd= ok=1
Cmd: compileSnippet
  api=4 type=1 insize=1152 outsize=3557 kw=LIGHTMAP_OFF DIRLIGHTMAP_COMBINED DYNAMICLIGHTMAP_OFF UNITY_HDR_ON _NORMALMAP pd= ok=1
Cmd: compileSnippet
  api=1 type=1 insize=1152 outsize=1247 kw=LIGHTMAP_OFF DIRLIGHTMAP_COMBINED DYNAMICLIGHTMAP_ON UNITY_HDR_ON _NORMALMAP pd= ok=1
Cmd: compileSnippet
  api=4 type=1 insize=1152 outsize=4849 kw=LIGHTMAP_OFF DIRLIGHTMAP_COMBINED DYNAMICLIGHTMAP_ON UNITY_HDR_ON _PARALLAXMAP _NORMALMAP pd= ok=1
Cmd: compileSnippet
  api=1 type=1 insize=1152 outsize=1254 kw=LIGHTMAP_OFF DIRLIGHTMAP_SEPARATE DYNAMICLIGHTMAP_OFF UNITY_HDR_ON _PARALLAXMAP _NORMALMAP pd= ok=1
Cmd: compileSnippet
  api=4 type=0 insize=886 outsize=4573 kw=DIRECTIONAL SHADOWS_OFF LIGHTMAP_OFF DIRLIGHTMAP_OFF DYNAMICLIGHTMAP_OFF FOG_EXP pd= ok=1
Cmd: compileSnippet
  api=1 type=0 insize=886 outsize=1399 kw=DIRECTIONAL SHADOWS_OFF LIGHTMAP_OFF DIRLIGHTMAP_OFF DYNAMICLIGHTMAP_OFF FOG_EXP VERTEXLIGHT_ON pd= ok=1
Cmd: compileSnippet
  api=1 type=0 insize=886 outsize=1512 kw=DIRECTIONAL SHADOWS_SCREEN LIGHTMAP_OFF DIRLIGHTMAP_OFF DYNAMICLIGHTMAP_OFF FOG_EXP VERTEXLIGHT_ON pd= ok=1
Cmd: compileSnippet
  api=8 type=0 insize=886 outsize=10051 kw=DIRECTIONAL SHADOWS_SCREEN SHADOWS_NATIVE LIGHTMAP_OFF DIRLIGHTMAP_OFF DYNAMICLIGHTMAP_OFF FOG_EXP VERTEXLIGHT_ON pd=UNITY_NO_SCREENSPACE_SHADOWS UNITY_NO_LINEAR_COLORSPACE ok=1
Cmd: compileSnippet
  api=4 type=0 insize=886 outsize=6449 kw=DIRECTIONAL SHADOWS_OFF LIGHTMAP_OFF DIRLIGHTMAP_OFF DYNAMICLIGHTMAP_OFF VERTEXLIGHT_ON _NORMALMAP pd= ok=1
Cmd: compileSnippet
  api=4 type=0 insize=886 outsize=5296 kw=DIRECTIONAL SHADOWS_OFF LIGHTMAP_OFF DIRLIGHTMAP_OFF DYNAMICLIGHTMAP_OFF FOG_EXP _NORMALMAP pd= ok=1
Cmd: compileSnippet
  api=4 type=0 insize=886 outsize=6709 kw=DIRECTIONAL SHADOWS_OFF LIGHTMAP_OFF DIRLIGHTMAP_OFF DYNAMICLIGHTMAP_OFF FOG_EXP VERTEXLIGHT_ON _NORMALMAP pd= ok=1
Cmd: compileSnippet
  api=8 type=0 insize=886 outsize=8816 kw=DIRECTIONAL SHADOWS_SCREEN SHADOWS_NATIVE LIGHTMAP_OFF DIRLIGHTMAP_OFF DYNAMICLIGHTMAP_OFF FOG_EXP _NORMALMAP pd=UNITY_NO_SCREENSPACE_SHADOWS UNITY_NO_LINEAR_COLORSPACE ok=1
Cmd: compileSnippet
  api=1 type=1 insize=886 outsize=1278 kw=DIRECTIONAL SHADOWS_SCREEN LIGHTMAP_OFF DIRLIGHTMAP_OFF DYNAMICLIGHTMAP_OFF FOG_EXP pd= ok=1
Cmd: compileSnippet
  api=8 type=1 insize=886 outsize=6914 kw=DIRECTIONAL SHADOWS_SCREEN SHADOWS_NATIVE LIGHTMAP_OFF DIRLIGHTMAP_OFF DYNAMICLIGHTMAP_OFF FOG_EXP pd=UNITY_NO_SCREENSPACE_SHADOWS UNITY_NO_LINEAR_COLORSPACE ok=1
Cmd: compileSnippet
  api=4 type=1 insize=886 outsize=4906 kw=DIRECTIONAL SHADOWS_SCREEN LIGHTMAP_OFF DIRLIGHTMAP_OFF DYNAMICLIGHTMAP_OFF _NORMALMAP pd= ok=1
Cmd: compileSnippet
  api=4 type=1 insize=886 outsize=4889 kw=DIRECTIONAL SHADOWS_OFF LIGHTMAP_OFF DIRLIGHTMAP_OFF DYNAMICLIGHTMAP_OFF FOG_EXP _NORMALMAP pd= ok=1
Cmd: compileSnippet
  api=8 type=1 insize=886 outsize=7963 kw=DIRECTIONAL SHADOWS_SCREEN SHADOWS_NATIVE LIGHTMAP_OFF DIRLIGHTMAP_OFF DYNAMICLIGHTMAP_OFF FOG_EXP _NORMALMAP pd=UNITY_NO_SCREENSPACE_SHADOWS UNITY_NO_LINEAR_COLORSPACE ok=1
Cmd: compileSnippet
  api=4 type=0 insize=816 outsize=5361 kw=POINT SHADOWS_OFF FOG_EXP pd= ok=1
Cmd: compileSnippet
  api=1 type=0 insize=816 outsize=966 kw=SPOT SHADOWS_OFF FOG_EXP pd= ok=1
Cmd: compileSnippet
  api=1 type=0 insize=816 outsize=947 kw=POINT_COOKIE SHADOWS_OFF FOG_EXP pd= ok=1
Cmd: compileSnippet
  api=8 type=0 insize=816 outsize=7751 kw=POINT_COOKIE SHADOWS_OFF FOG_EXP pd=UNITY_NO_SCREENSPACE_SHADOWS UNITY_NO_LINEAR_COLORSPACE ok=1
Cmd: compileSnippet
  api=4 type=0 insize=816 outsize=5775 kw=SPOT SHADOWS_DEPTH SHADOWS_NATIVE FOG_EXP pd= ok=1
Cmd: compileSnippet
  api=1 type=0 insize=816 outsize=1046 kw=DIRECTIONAL_COOKIE SHADOWS_SCREEN FOG_EXP pd= ok=1
Cmd: compileSnippet
  api=8 type=0 insize=816 outsize=7930 kw=POINT SHADOWS_CUBE FOG_EXP pd=UNITY_NO_SCREENSPACE_SHADOWS UNITY_NO_LINEAR_COLORSPACE ok=1
Cmd: compileSnippet
  api=1 type=0 insize=816 outsize=893 kw=POINT SHADOWS_OFF _NORMALMAP pd= ok=1
Cmd: compileSnippet
  api=8 type=0 insize=816 outsize=7410 kw=POINT SHADOWS_OFF _NORMALMAP pd=UNITY_NO_SCREENSPACE_SHADOWS UNITY_NO_LINEAR_COLORSPACE ok=1
Cmd: compileSnippet
  api=4 type=0 insize=816 outsize=5101 kw=SPOT SHADOWS_OFF _NORMALMAP pd= ok=1
Cmd: compileSnippet
  api=8 type=0 insize=816 outsize=7410 kw=POINT_COOKIE SHADOWS_OFF _NORMALMAP pd=UNITY_NO_SCREENSPACE_SHADOWS UNITY_NO_LINEAR_COLORSPACE ok=1
Cmd: compileSnippet
  api=8 type=0 insize=816 outsize=8003 kw=SPOT SHADOWS_DEPTH SHADOWS_NATIVE _NORMALMAP pd=UNITY_NO_SCREENSPACE_SHADOWS UNITY_NO_LINEAR_COLORSPACE ok=1
Cmd: compileSnippet
  api=4 type=0 insize=816 outsize=5247 kw=POINT_COOKIE SHADOWS_CUBE _NORMALMAP pd= ok=1
Cmd: compileSnippet
  api=8 type=0 insize=816 outsize=7824 kw=DIRECTIONAL_COOKIE SHADOWS_SCREEN SHADOWS_NATIVE _NORMALMAP pd=UNITY_NO_SCREENSPACE_SHADOWS UNITY_NO_LINEAR_COLORSPACE ok=1
Cmd: compileSnippet
  api=1 type=0 insize=816 outsize=966 kw=SPOT SHADOWS_OFF FOG_EXP _NORMALMAP pd= ok=1
Cmd: compileSnippet
  api=1 type=0 insize=816 outsize=947 kw=POINT_COOKIE SHADOWS_OFF FOG_EXP _NORMALMAP pd= ok=1
Cmd: compileSnippet
  api=1 type=0 insize=816 outsize=913 kw=DIRECTIONAL_COOKIE SHADOWS_OFF FOG_EXP _NORMALMAP pd= ok=1
Cmd: compileSnippet
  api=1 type=0 insize=816 outsize=1043 kw=SPOT SHADOWS_DEPTH SHADOWS_NATIVE FOG_EXP _NORMALMAP pd= ok=1
Cmd: compileSnippet
  api=8 type=0 insize=816 outsize=8344 kw=SPOT SHADOWS_DEPTH SHADOWS_NATIVE FOG_EXP _NORMALMAP pd=UNITY_NO_SCREENSPACE_SHADOWS UNITY_NO_LINEAR_COLORSPACE ok=1
Cmd: compileSnippet
  api=8 type=0 insize=816 outsize=7930 kw=POINT SHADOWS_CUBE FOG_EXP _NORMALMAP pd=UNITY_NO_SCREENSPACE_SHADOWS UNITY_NO_LINEAR_COLORSPACE ok=1
Cmd: compileSnippet
  api=1 type=1 insize=816 outsize=741 kw=DIRECTIONAL SHADOWS_OFF FOG_EXP pd= ok=1
Cmd: compileSnippet
  api=4 type=1 insize=816 outsize=2753 kw=DIRECTIONAL SHADOWS_OFF FOG_EXP pd= ok=1
Cmd: compileSnippet
  api=8 type=1 insize=816 outsize=5314 kw=SPOT SHADOWS_OFF FOG_EXP pd=UNITY_NO_SCREENSPACE_SHADOWS UNITY_NO_LINEAR_COLORSPACE ok=1
Cmd: compileSnippet
  api=8 type=1 insize=816 outsize=6118 kw=SPOT SHADOWS_DEPTH SHADOWS_NATIVE FOG_EXP pd=UNITY_NO_SCREENSPACE_SHADOWS UNITY_NO_LINEAR_COLORSPACE ok=1
Cmd: compileSnippet
  api=1 type=1 insize=816 outsize=1101 kw=POINT_COOKIE SHADOWS_CUBE FOG_EXP pd= ok=1
Cmd: compileSnippet
  api=8 type=1 insize=816 outsize=5216 kw=DIRECTIONAL_COOKIE SHADOWS_SCREEN SHADOWS_NATIVE FOG_EXP pd=UNITY_NO_SCREENSPACE_SHADOWS UNITY_NO_LINEAR_COLORSPACE ok=1
Cmd: compileSnippet
  api=8 type=1 insize=816 outsize=4818 kw=DIRECTIONAL SHADOWS_OFF _NORMALMAP pd=UNITY_NO_SCREENSPACE_SHADOWS UNITY_NO_LINEAR_COLORSPACE ok=1
Cmd: compileSnippet
  api=8 type=1 insize=816 outsize=5574 kw=POINT_COOKIE SHADOWS_OFF _NORMALMAP pd=UNITY_NO_SCREENSPACE_SHADOWS UNITY_NO_LINEAR_COLORSPACE ok=1
Cmd: compileSnippet
  api=8 type=1 insize=816 outsize=6817 kw=SPOT SHADOWS_DEPTH SHADOWS_NATIVE _NORMALMAP pd=UNITY_NO_SCREENSPACE_SHADOWS UNITY_NO_LINEAR_COLORSPACE ok=1
Cmd: compileSnippet
  api=8 type=1 insize=816 outsize=6338 kw=POINT SHADOWS_CUBE _NORMALMAP pd=UNITY_NO_SCREENSPACE_SHADOWS UNITY_NO_LINEAR_COLORSPACE ok=1
Cmd: compileSnippet
  api=4 type=1 insize=816 outsize=3589 kw=POINT SHADOWS_OFF FOG_EXP _NORMALMAP pd= ok=1
Cmd: compileSnippet
  api=8 type=1 insize=816 outsize=5046 kw=DIRECTIONAL SHADOWS_OFF FOG_EXP _NORMALMAP pd=UNITY_NO_SCREENSPACE_SHADOWS UNITY_NO_LINEAR_COLORSPACE ok=1
Cmd: compileSnippet
  api=8 type=1 insize=816 outsize=6240 kw=SPOT SHADOWS_OFF FOG_EXP _NORMALMAP pd=UNITY_NO_SCREENSPACE_SHADOWS UNITY_NO_LINEAR_COLORSPACE ok=1
Cmd: compileSnippet
  api=4 type=1 insize=816 outsize=4605 kw=SPOT SHADOWS_DEPTH SHADOWS_NATIVE FOG_EXP _NORMALMAP pd= ok=1
Cmd: compileSnippet
  api=1 type=1 insize=816 outsize=1102 kw=DIRECTIONAL SHADOWS_SCREEN FOG_EXP _NORMALMAP pd= ok=1
Cmd: compileSnippet
  api=4 type=1 insize=816 outsize=3849 kw=DIRECTIONAL_COOKIE SHADOWS_SCREEN FOG_EXP _NORMALMAP pd= ok=1
Cmd: compileSnippet
  api=1 type=1 insize=816 outsize=1364 kw=POINT_COOKIE SHADOWS_CUBE FOG_EXP _NORMALMAP pd= ok=1
Cmd: compileSnippet
  api=1 type=0 insize=7139 outsize=634 kw=DIRECTIONAL SHADOWS_OFF LIGHTMAP_OFF DIRLIGHTMAP_OFF DYNAMICLIGHTMAP_OFF FOG_EXP pd= ok=1
Cmd: compileSnippet
  api=1 type=0 insize=7139 outsize=557 kw=DIRECTIONAL SHADOWS_OFF LIGHTMAP_OFF DIRLIGHTMAP_COMBINED DYNAMICLIGHTMAP_ON FOG_EXP VERTEXLIGHT_ON pd= ok=1
Cmd: compileSnippet
  api=4 type=0 insize=7139 outsize=5726 kw=DIRECTIONAL SHADOWS_SCREEN LIGHTMAP_OFF DIRLIGHTMAP_OFF DYNAMICLIGHTMAP_OFF FOG_EXP VERTEXLIGHT_ON pd= ok=1
Cmd: compileSnippet
  api=8 type=1 insize=7139 outsize=3811 kw=DIRECTIONAL SHADOWS_OFF LIGHTMAP_OFF DIRLIGHTMAP_OFF DYNAMICLIGHTMAP_OFF FOG_EXP pd=UNITY_NO_SCREENSPACE_SHADOWS UNITY_NO_LINEAR_COLORSPACE ok=1
Cmd: compileSnippet
  api=1 type=1 insize=7139 outsize=1152 kw=DIRECTIONAL SHADOWS_SCREEN LIGHTMAP_OFF DIRLIGHTMAP_COMBINED DYNAMICLIGHTMAP_ON FOG_EXP pd= ok=1
Cmd: compileSnippet
  api=1 type=0 insize=3868 outsize=393 kw=POINT FOG_EXP pd= ok=1
Cmd: compileSnippet
  api=8 type=0 insize=3868 outsize=4233 kw=DIRECTIONAL FOG_EXP pd=UNITY_NO_SCREENSPACE_SHADOWS UNITY_NO_LINEAR_COLORSPACE ok=1
Cmd: compileSnippet
  api=4 type=0 insize=3868 outsize=3013 kw=POINT_COOKIE FOG_EXP pd= ok=1
Cmd: compileSnippet
  api=4 type=0 insize=3868 outsize=3013 kw=DIRECTIONAL_COOKIE FOG_EXP pd= ok=1
Cmd: compileSnippet
  api=8 type=1 insize=3868 outsize=4453 kw=POINT FOG_EXP pd=UNITY_NO_SCREENSPACE_SHADOWS UNITY_NO_LINEAR_COLORSPACE ok=1
Cmd: compileSnippet
  api=4 type=1 insize=3868 outsize=3557 kw=SPOT FOG_EXP pd= ok=1
Cmd: compileSnippet
  api=8 type=1 insize=3868 outsize=4761 kw=POINT_COOKIE FOG_EXP pd=UNITY_NO_SCREENSPACE_SHADOWS UNITY_NO_LINEAR_COLORSPACE ok=1
Cmd: compileSnippet
  api=1 type=0 insize=6052 outsize=896 kw=LIGHTMAP_OFF DIRLIGHTMAP_COMBINED DYNAMICLIGHTMAP_ON FOG_EXP HDR_LIGHT_PREPASS_OFF pd= ok=1
Cmd: compileSnippet
  api=1 type=0 insize=6052 outsize=746 kw=LIGHTMAP_OFF DIRLIGHTMAP_OFF DYNAMICLIGHTMAP_OFF FOG_EXP UNITY_HDR_ON pd= ok=1
Cmd: compileSnippet
  api=8 type=0 insize=6052 outsize=6126 kw=LIGHTMAP_OFF DIRLIGHTMAP_OFF DYNAMICLIGHTMAP_OFF FOG_EXP UNITY_HDR_ON pd=UNITY_NO_SCREENSPACE_SHADOWS UNITY_NO_LINEAR_COLORSPACE ok=1
Cmd: compileSnippet
  api=1 type=1 insize=6052 outsize=769 kw=LIGHTMAP_OFF DIRLIGHTMAP_COMBINED DYNAMICLIGHTMAP_ON FOG_EXP HDR_LIGHT_PREPASS_OFF pd= ok=1
Cmd: compileSnippet
  api=4 type=1 insize=6052 outsize=1810 kw=LIGHTMAP_OFF DIRLIGHTMAP_OFF DYNAMICLIGHTMAP_OFF FOG_EXP UNITY_HDR_ON pd= ok=1
Cmd: compileSnippet
  api=4 type=1 insize=6052 outsize=2419 kw=LIGHTMAP_OFF DIRLIGHTMAP_COMBINED DYNAMICLIGHTMAP_ON FOG_EXP UNITY_HDR_ON pd= ok=1
Cmd: compileSnippet
  api=1 type=0 insize=7201 outsize=539 kw=DIRECTIONAL SHADOWS_OFF LIGHTMAP_OFF DIRLIGHTMAP_COMBINED DYNAMICLIGHTMAP_ON pd= ok=1
Cmd: compileSnippet
  api=1 type=0 insize=7201 outsize=743 kw=DIRECTIONAL SHADOWS_SCREEN LIGHTMAP_OFF DIRLIGHTMAP_OFF DYNAMICLIGHTMAP_OFF pd= ok=1
Cmd: compileSnippet
  api=8 type=0 insize=7201 outsize=7735 kw=DIRECTIONAL SHADOWS_OFF LIGHTMAP_OFF DIRLIGHTMAP_OFF DYNAMICLIGHTMAP_OFF VERTEXLIGHT_ON pd=UNITY_NO_SCREENSPACE_SHADOWS UNITY_NO_LINEAR_COLORSPACE ok=1
Cmd: compileSnippet
  api=8 type=0 insize=7201 outsize=6419 kw=DIRECTIONAL SHADOWS_SCREEN SHADOWS_NATIVE LIGHTMAP_OFF DIRLIGHTMAP_OFF DYNAMICLIGHTMAP_OFF pd=UNITY_NO_SCREENSPACE_SHADOWS UNITY_NO_LINEAR_COLORSPACE ok=1
Cmd: compileSnippet
  api=4 type=0 insize=7201 outsize=3630 kw=DIRECTIONAL SHADOWS_SCREEN LIGHTMAP_OFF DIRLIGHTMAP_COMBINED DYNAMICLIGHTMAP_ON FOG_EXP pd= ok=1
Cmd: compileSnippet
  api=4 type=0 insize=7201 outsize=3281 kw=DIRECTIONAL SHADOWS_OFF LIGHTMAP_OFF DIRLIGHTMAP_COMBINED DYNAMICLIGHTMAP_ON FOG_EXP VERTEXLIGHT_ON pd= ok=1
Cmd: compileSnippet
  api=1 type=0 insize=7201 outsize=722 kw=DIRECTIONAL SHADOWS_SCREEN LIGHTMAP_OFF DIRLIGHTMAP_COMBINED DYNAMICLIGHTMAP_ON FOG_EXP VERTEXLIGHT_ON pd= ok=1
Cmd: compileSnippet
  api=4 type=1 insize=7201 outsize=2379 kw=DIRECTIONAL SHADOWS_OFF LIGHTMAP_OFF DIRLIGHTMAP_COMBINED DYNAMICLIGHTMAP_ON pd= ok=1
Cmd: compileSnippet
  api=1 type=1 insize=7201 outsize=808 kw=DIRECTIONAL SHADOWS_SCREEN LIGHTMAP_OFF DIRLIGHTMAP_COMBINED DYNAMICLIGHTMAP_ON pd= ok=1
Cmd: compileSnippet
  api=4 type=1 insize=7201 outsize=1867 kw=DIRECTIONAL SHADOWS_OFF LIGHTMAP_OFF DIRLIGHTMAP_OFF DYNAMICLIGHTMAP_OFF FOG_EXP pd= ok=1
Cmd: compileSnippet
  api=1 type=1 insize=7201 outsize=481 kw=DIRECTIONAL SHADOWS_SCREEN LIGHTMAP_OFF DIRLIGHTMAP_OFF DYNAMICLIGHTMAP_OFF FOG_EXP pd= ok=1
Cmd: compileSnippet
  api=8 type=1 insize=7201 outsize=3510 kw=DIRECTIONAL SHADOWS_SCREEN SHADOWS_NATIVE LIGHTMAP_OFF DIRLIGHTMAP_OFF DYNAMICLIGHTMAP_OFF FOG_EXP pd=UNITY_NO_SCREENSPACE_SHADOWS UNITY_NO_LINEAR_COLORSPACE ok=1
Cmd: compileSnippet
  api=8 type=0 insize=3964 outsize=4022 kw=POINT pd=UNITY_NO_SCREENSPACE_SHADOWS UNITY_NO_LINEAR_COLORSPACE ok=1
Cmd: compileSnippet
  api=8 type=0 insize=3964 outsize=4022 kw=SPOT pd=UNITY_NO_SCREENSPACE_SHADOWS UNITY_NO_LINEAR_COLORSPACE ok=1
Cmd: compileSnippet
  api=8 type=0 insize=3964 outsize=4022 kw=DIRECTIONAL_COOKIE pd=UNITY_NO_SCREENSPACE_SHADOWS UNITY_NO_LINEAR_COLORSPACE ok=1
Cmd: compileSnippet
  api=8 type=0 insize=3964 outsize=4363 kw=DIRECTIONAL FOG_EXP pd=UNITY_NO_SCREENSPACE_SHADOWS UNITY_NO_LINEAR_COLORSPACE ok=1
Cmd: compileSnippet
  api=4 type=0 insize=3964 outsize=3102 kw=POINT_COOKIE FOG_EXP pd= ok=1
Cmd: compileSnippet
  api=8 type=1 insize=3964 outsize=3331 kw=POINT pd=UNITY_NO_SCREENSPACE_SHADOWS UNITY_NO_LINEAR_COLORSPACE ok=1
Cmd: compileSnippet
  api=8 type=1 insize=3964 outsize=4030 kw=SPOT pd=UNITY_NO_SCREENSPACE_SHADOWS UNITY_NO_LINEAR_COLORSPACE ok=1
Cmd: compileSnippet
  api=1 type=1 insize=3964 outsize=577 kw=POINT FOG_EXP pd= ok=1
Cmd: compileSnippet
  api=8 type=1 insize=3964 outsize=3559 kw=POINT FOG_EXP pd=UNITY_NO_SCREENSPACE_SHADOWS UNITY_NO_LINEAR_COLORSPACE ok=1
Cmd: compileSnippet
  api=8 type=1 insize=3964 outsize=4258 kw=SPOT FOG_EXP pd=UNITY_NO_SCREENSPACE_SHADOWS UNITY_NO_LINEAR_COLORSPACE ok=1
Cmd: compileSnippet
  api=8 type=0 insize=3039 outsize=3583 kw= pd=UNITY_NO_SCREENSPACE_SHADOWS UNITY_NO_LINEAR_COLORSPACE ok=1
Cmd: compileSnippet
  api=8 type=1 insize=3039 outsize=983 kw= pd=UNITY_NO_SCREENSPACE_SHADOWS UNITY_NO_LINEAR_COLORSPACE ok=1
Cmd: compileSnippet
  api=1 type=0 insize=6231 outsize=742 kw=LIGHTMAP_OFF DIRLIGHTMAP_OFF DYNAMICLIGHTMAP_OFF HDR_LIGHT_PREPASS_OFF pd= ok=1
Cmd: compileSnippet
  api=4 type=0 insize=6231 outsize=4313 kw=LIGHTMAP_OFF DIRLIGHTMAP_COMBINED DYNAMICLIGHTMAP_ON HDR_LIGHT_PREPASS_OFF pd= ok=1
Cmd: compileSnippet
  api=4 type=0 insize=6231 outsize=4313 kw=LIGHTMAP_OFF DIRLIGHTMAP_COMBINED DYNAMICLIGHTMAP_ON UNITY_HDR_ON pd= ok=1
Cmd: compileSnippet
  api=8 type=0 insize=6231 outsize=6256 kw=LIGHTMAP_OFF DIRLIGHTMAP_OFF DYNAMICLIGHTMAP_OFF FOG_EXP HDR_LIGHT_PREPASS_OFF pd=UNITY_NO_SCREENSPACE_SHADOWS UNITY_NO_LINEAR_COLORSPACE ok=1
Cmd: compileSnippet
  api=4 type=1 insize=6231 outsize=1615 kw=LIGHTMAP_OFF DIRLIGHTMAP_OFF DYNAMICLIGHTMAP_OFF HDR_LIGHT_PREPASS_OFF pd= ok=1
Cmd: compileSnippet
  api=4 type=1 insize=6231 outsize=1566 kw=LIGHTMAP_OFF DIRLIGHTMAP_OFF DYNAMICLIGHTMAP_OFF UNITY_HDR_ON pd= ok=1
Cmd: compileSnippet
  api=1 type=1 insize=6231 outsize=422 kw=LIGHTMAP_OFF DIRLIGHTMAP_OFF DYNAMICLIGHTMAP_OFF FOG_EXP HDR_LIGHT_PREPASS_OFF pd= ok=1
Cmd: compileSnippet
  api=1 type=1 insize=6231 outsize=702 kw=LIGHTMAP_OFF DIRLIGHTMAP_COMBINED DYNAMICLIGHTMAP_ON FOG_EXP HDR_LIGHT_PREPASS_OFF pd= ok=1
Cmd: compileSnippet
  api=4 type=1 insize=6231 outsize=1826 kw=LIGHTMAP_OFF DIRLIGHTMAP_OFF DYNAMICLIGHTMAP_OFF FOG_EXP UNITY_HDR_ON pd= ok=1
Cmd: compileSnippet
  api=4 type=1 insize=6231 outsize=2436 kw=LIGHTMAP_OFF DIRLIGHTMAP_COMBINED DYNAMICLIGHTMAP_ON FOG_EXP UNITY_HDR_ON pd= ok=1
Cmd: compileSnippet
  api=1 type=0 insize=6108 outsize=539 kw=LIGHTMAP_OFF DIRLIGHTMAP_COMBINED DYNAMICLIGHTMAP_ON HDR_LIGHT_PREPASS_OFF pd= ok=1
Cmd: compileSnippet
  api=4 type=0 insize=6108 outsize=3126 kw=LIGHTMAP_OFF DIRLIGHTMAP_COMBINED DYNAMICLIGHTMAP_ON HDR_LIGHT_PREPASS_OFF pd= ok=1
Cmd: compileSnippet
  api=1 type=0 insize=6108 outsize=539 kw=LIGHTMAP_OFF DIRLIGHTMAP_COMBINED DYNAMICLIGHTMAP_ON UNITY_HDR_ON pd= ok=1
Cmd: compileSnippet
  api=8 type=1 insize=6108 outsize=2811 kw=LIGHTMAP_OFF DIRLIGHTMAP_OFF DYNAMICLIGHTMAP_OFF HDR_LIGHT_PREPASS_OFF pd=UNITY_NO_SCREENSPACE_SHADOWS UNITY_NO_LINEAR_COLORSPACE ok=1
Cmd: compileSnippet
  api=8 type=1 insize=6108 outsize=2689 kw=LIGHTMAP_OFF DIRLIGHTMAP_OFF DYNAMICLIGHTMAP_OFF UNITY_HDR_ON pd=UNITY_NO_SCREENSPACE_SHADOWS UNITY_NO_LINEAR_COLORSPACE ok=1
Cmd: compileSnippet
  api=1 type=0 insize=4652 outsize=1310 kw=POINT pd= ok=1
Cmd: compileSnippet
  api=1 type=0 insize=4652 outsize=1472 kw=SPOT pd= ok=1
Cmd: compileSnippet
  api=4 type=0 insize=4652 outsize=4410 kw=FOG_EXP pd= ok=1
Cmd: compileSnippet
  api=4 type=0 insize=4652 outsize=5149 kw=POINT FOG_EXP pd= ok=1
Cmd: compileSnippet
  api=8 type=0 insize=4652 outsize=7735 kw=POINT FOG_EXP pd=UNITY_NO_SCREENSPACE_SHADOWS UNITY_NO_LINEAR_COLORSPACE ok=1
Cmd: compileSnippet
  api=1 type=1 insize=4652 outsize=240 kw=POINT pd= ok=1
Cmd: compileSnippet
  api=8 type=1 insize=4652 outsize=1666 kw=POINT pd=UNITY_NO_SCREENSPACE_SHADOWS UNITY_NO_LINEAR_COLORSPACE ok=1
Cmd: compileSnippet
  api=4 type=1 insize=4652 outsize=1363 kw=FOG_EXP pd= ok=1
Cmd: compileSnippet
  api=4 type=1 insize=4652 outsize=1363 kw=POINT FOG_EXP pd= ok=1
Cmd: compileSnippet
  api=4 type=1 insize=4652 outsize=1363 kw=SPOT FOG_EXP pd= ok=1
Cmd: compileSnippet
  api=1 type=0 insize=1877 outsize=454 kw=FOG_EXP pd= ok=1
Cmd: compileSnippet
  api=8 type=0 insize=1877 outsize=3258 kw=FOG_EXP pd=UNITY_NO_SCREENSPACE_SHADOWS UNITY_NO_LINEAR_COLORSPACE ok=1
Cmd: compileSnippet
  api=4 type=1 insize=1877 outsize=1314 kw= pd= ok=1
Cmd: compileSnippet
  api=8 type=1 insize=1877 outsize=2332 kw=FOG_EXP pd=UNITY_NO_SCREENSPACE_SHADOWS UNITY_NO_LINEAR_COLORSPACE ok=1
Cmd: compileSnippet
  api=1 type=0 insize=2152 outsize=484 kw=FOG_EXP pd= ok=1
Cmd: compileSnippet
  api=8 type=0 insize=2152 outsize=3461 kw=FOG_EXP pd=UNITY_NO_SCREENSPACE_SHADOWS UNITY_NO_LINEAR_COLORSPACE ok=1
Cmd: compileSnippet
  api=4 type=1 insize=2152 outsize=1501 kw= pd= ok=1
Cmd: compileSnippet
  api=8 type=1 insize=2152 outsize=2535 kw=FOG_EXP pd=UNITY_NO_SCREENSPACE_SHADOWS UNITY_NO_LINEAR_COLORSPACE ok=1
Cmd: compileSnippet
  api=1 type=0 insize=797 outsize=216 kw=SHADOWS_CUBE pd= ok=1
Cmd: compileSnippet
  api=8 type=0 insize=797 outsize=2364 kw=SHADOWS_CUBE pd=UNITY_NO_SCREENSPACE_SHADOWS UNITY_NO_LINEAR_COLORSPACE ok=1
Cmd: compileSnippet
  api=8 type=1 insize=797 outsize=1324 kw=SHADOWS_DEPTH pd=UNITY_NO_SCREENSPACE_SHADOWS UNITY_NO_LINEAR_COLORSPACE ok=1
Cmd: compileSnippet
  api=1 type=0 insize=7705 outsize=913 kw=DIRECTIONAL SHADOWS_OFF LIGHTMAP_OFF DIRLIGHTMAP_COMBINED DYNAMICLIGHTMAP_ON pd= ok=1
Cmd: compileSnippet
  api=1 type=0 insize=7705 outsize=1062 kw=DIRECTIONAL SHADOWS_SCREEN LIGHTMAP_OFF DIRLIGHTMAP_COMBINED DYNAMICLIGHTMAP_ON pd= ok=1
Cmd: compileSnippet
  api=1 type=0 insize=7705 outsize=913 kw=DIRECTIONAL SHADOWS_OFF LIGHTMAP_OFF DIRLIGHTMAP_COMBINED DYNAMICLIGHTMAP_ON VERTEXLIGHT_ON pd= ok=1
Cmd: compileSnippet
  api=4 type=0 insize=7705 outsize=6588 kw=DIRECTIONAL SHADOWS_SCREEN LIGHTMAP_OFF DIRLIGHTMAP_OFF DYNAMICLIGHTMAP_OFF VERTEXLIGHT_ON pd= ok=1
Cmd: compileSnippet
  api=4 type=0 insize=7705 outsize=4508 kw=DIRECTIONAL SHADOWS_OFF LIGHTMAP_OFF DIRLIGHTMAP_COMBINED DYNAMICLIGHTMAP_ON FOG_EXP pd= ok=1
Cmd: compileSnippet
  api=4 type=0 insize=7705 outsize=4857 kw=DIRECTIONAL SHADOWS_SCREEN LIGHTMAP_OFF DIRLIGHTMAP_COMBINED DYNAMICLIGHTMAP_ON FOG_EXP pd= ok=1
Cmd: compileSnippet
  api=1 type=0 insize=7705 outsize=962 kw=DIRECTIONAL SHADOWS_OFF LIGHTMAP_OFF DIRLIGHTMAP_COMBINED DYNAMICLIGHTMAP_ON FOG_EXP VERTEXLIGHT_ON pd= ok=1
Cmd: compileSnippet
  api=4 type=0 insize=7705 outsize=6701 kw=DIRECTIONAL SHADOWS_SCREEN LIGHTMAP_OFF DIRLIGHTMAP_OFF DYNAMICLIGHTMAP_OFF FOG_EXP VERTEXLIGHT_ON pd= ok=1
Cmd: compileSnippet
  api=4 type=1 insize=7705 outsize=4126 kw=DIRECTIONAL SHADOWS_OFF LIGHTMAP_OFF DIRLIGHTMAP_COMBINED DYNAMICLIGHTMAP_ON pd= ok=1
Cmd: compileSnippet
  api=1 type=1 insize=7705 outsize=1143 kw=DIRECTIONAL SHADOWS_OFF LIGHTMAP_OFF DIRLIGHTMAP_OFF DYNAMICLIGHTMAP_OFF FOG_EXP pd= ok=1
Cmd: compileSnippet
  api=1 type=1 insize=7705 outsize=1200 kw=DIRECTIONAL SHADOWS_SCREEN LIGHTMAP_OFF DIRLIGHTMAP_OFF DYNAMICLIGHTMAP_OFF FOG_EXP pd= ok=1
Cmd: compileSnippet
  api=4 type=1 insize=7705 outsize=4865 kw=DIRECTIONAL SHADOWS_SCREEN LIGHTMAP_OFF DIRLIGHTMAP_COMBINED DYNAMICLIGHTMAP_ON FOG_EXP pd= ok=1
Cmd: compileSnippet
  api=1 type=0 insize=5087 outsize=841 kw=DIRECTIONAL pd= ok=1
Cmd: compileSnippet
  api=4 type=0 insize=5087 outsize=4020 kw=SPOT pd= ok=1
Cmd: compileSnippet
  api=1 type=0 insize=5087 outsize=890 kw=DIRECTIONAL FOG_EXP pd= ok=1
Cmd: compileSnippet
  api=4 type=0 insize=5087 outsize=4174 kw=DIRECTIONAL FOG_EXP pd= ok=1
Cmd: compileSnippet
  api=1 type=0 insize=5087 outsize=890 kw=POINT_COOKIE FOG_EXP pd= ok=1
Cmd: compileSnippet
  api=4 type=0 insize=5087 outsize=4174 kw=DIRECTIONAL_COOKIE FOG_EXP pd= ok=1
Cmd: compileSnippet
  api=4 type=1 insize=5087 outsize=3825 kw=POINT pd= ok=1
Cmd: compileSnippet
  api=4 type=1 insize=5087 outsize=3557 kw=DIRECTIONAL_COOKIE pd= ok=1
Cmd: compileSnippet
  api=4 type=1 insize=5087 outsize=3419 kw=DIRECTIONAL FOG_EXP pd= ok=1
Cmd: compileSnippet
  api=1 type=1 insize=5087 outsize=1197 kw=POINT_COOKIE FOG_EXP pd= ok=1
Cmd: compileSnippet
  api=4 type=0 insize=6590 outsize=4223 kw=LIGHTMAP_OFF DIRLIGHTMAP_COMBINED DYNAMICLIGHTMAP_ON HDR_LIGHT_PREPASS_OFF pd= ok=1
Cmd: compileSnippet
  api=4 type=0 insize=6590 outsize=4223 kw=LIGHTMAP_OFF DIRLIGHTMAP_COMBINED DYNAMICLIGHTMAP_ON UNITY_HDR_ON pd= ok=1
Cmd: compileSnippet
  api=4 type=0 insize=6590 outsize=4394 kw=LIGHTMAP_OFF DIRLIGHTMAP_COMBINED DYNAMICLIGHTMAP_ON FOG_EXP HDR_LIGHT_PREPASS_OFF pd= ok=1
Cmd: compileSnippet
  api=4 type=1 insize=6590 outsize=1745 kw=LIGHTMAP_OFF DIRLIGHTMAP_OFF DYNAMICLIGHTMAP_OFF HDR_LIGHT_PREPASS_OFF pd= ok=1
Cmd: compileSnippet
  api=4 type=1 insize=6590 outsize=1688 kw=LIGHTMAP_OFF DIRLIGHTMAP_OFF DYNAMICLIGHTMAP_OFF UNITY_HDR_ON pd= ok=1
Cmd: compileSnippet
  api=4 type=1 insize=6590 outsize=2176 kw=LIGHTMAP_OFF DIRLIGHTMAP_OFF DYNAMICLIGHTMAP_OFF FOG_EXP HDR_LIGHT_PREPASS_OFF pd= ok=1
Cmd: compileSnippet
  api=4 type=1 insize=6590 outsize=2119 kw=LIGHTMAP_OFF DIRLIGHTMAP_OFF DYNAMICLIGHTMAP_OFF FOG_EXP UNITY_HDR_ON pd= ok=1
Cmd: compileSnippet
  api=4 type=0 insize=7293 outsize=4784 kw=LIGHTMAP_OFF DIRLIGHTMAP_OFF DYNAMICLIGHTMAP_OFF HDR_LIGHT_PREPASS_OFF pd= ok=1
Cmd: compileSnippet
  api=4 type=0 insize=7293 outsize=4353 kw=LIGHTMAP_OFF DIRLIGHTMAP_COMBINED DYNAMICLIGHTMAP_ON UNITY_HDR_ON pd= ok=1
Cmd: compileSnippet
  api=4 type=1 insize=7293 outsize=3362 kw=LIGHTMAP_OFF DIRLIGHTMAP_COMBINED DYNAMICLIGHTMAP_ON HDR_LIGHT_PREPASS_OFF pd= ok=1
Cmd: compileSnippet
  api=1 type=1 insize=7293 outsize=1043 kw=LIGHTMAP_OFF DIRLIGHTMAP_COMBINED DYNAMICLIGHTMAP_ON UNITY_HDR_ON pd= ok=1
Cmd: compileSnippet
  api=4 type=0 insize=4280 outsize=4662 kw= pd= ok=1
Cmd: compileSnippet
  api=4 type=1 insize=4280 outsize=1591 kw= pd= ok=1
Cmd: compileSnippet
  api=8 type=0 insize=1333 outsize=2299 kw= pd=UNITY_NO_SCREENSPACE_SHADOWS UNITY_NO_LINEAR_COLORSPACE ok=1
Cmd: compileSnippet
  api=8 type=0 insize=1329 outsize=2299 kw= pd=UNITY_NO_SCREENSPACE_SHADOWS UNITY_NO_LINEAR_COLORSPACE ok=1
Cmd: compileSnippet
  api=8 type=1 insize=1329 outsize=1544 kw= pd=UNITY_NO_SCREENSPACE_SHADOWS UNITY_NO_LINEAR_COLORSPACE ok=1
Cmd: compileSnippet
  api=8 type=0 insize=1329 outsize=2299 kw= pd=UNITY_NO_SCREENSPACE_SHADOWS UNITY_NO_LINEAR_COLORSPACE ok=1
Cmd: compileSnippet
  api=8 type=1 insize=1329 outsize=1544 kw= pd=UNITY_NO_SCREENSPACE_SHADOWS UNITY_NO_LINEAR_COLORSPACE ok=1
Cmd: compileSnippet
  api=8 type=0 insize=1333 outsize=2299 kw= pd=UNITY_NO_SCREENSPACE_SHADOWS UNITY_NO_LINEAR_COLORSPACE ok=1
Cmd: compileSnippet
  api=8 type=1 insize=1333 outsize=1544 kw= pd=UNITY_NO_SCREENSPACE_SHADOWS UNITY_NO_LINEAR_COLORSPACE ok=1
Cmd: compileSnippet
  api=8 type=1 insize=1331 outsize=1544 kw= pd=UNITY_NO_SCREENSPACE_SHADOWS UNITY_NO_LINEAR_COLORSPACE ok=1
Cmd: compileSnippet
  api=8 type=0 insize=1705 outsize=2982 kw=SOFTPARTICLES_ON pd=UNITY_NO_SCREENSPACE_SHADOWS UNITY_NO_LINEAR_COLORSPACE ok=1
Cmd: compileSnippet
  api=1 type=1 insize=1705 outsize=349 kw=SOFTPARTICLES_ON pd= ok=1
Cmd: compileSnippet
  api=4 type=1 insize=1705 outsize=1136 kw=FOG_EXP SOFTPARTICLES_OFF pd= ok=1
Cmd: compileSnippet
  api=4 type=0 insize=1642 outsize=1550 kw=FOG_EXP SOFTPARTICLES_OFF pd= ok=1
Cmd: compileSnippet
  api=1 type=1 insize=1642 outsize=201 kw=FOG_EXP SOFTPARTICLES_OFF pd= ok=1
Cmd: compileSnippet
  api=8 type=1 insize=1642 outsize=2982 kw=FOG_EXP SOFTPARTICLES_ON pd=UNITY_NO_SCREENSPACE_SHADOWS UNITY_NO_LINEAR_COLORSPACE ok=1
Cmd: compileSnippet
  api=4 type=0 insize=7058 outsize=4069 kw=DIRECTIONAL SHADOWS_OFF LIGHTMAP_OFF DIRLIGHTMAP_OFF DYNAMICLIGHTMAP_OFF FOG_EXP pd= ok=1
Cmd: compileSnippet
  api=4 type=0 insize=7058 outsize=4418 kw=DIRECTIONAL SHADOWS_SCREEN LIGHTMAP_OFF DIRLIGHTMAP_OFF DYNAMICLIGHTMAP_OFF FOG_EXP pd= ok=1
Cmd: compileSnippet
  api=4 type=0 insize=7058 outsize=5523 kw=DIRECTIONAL SHADOWS_OFF LIGHTMAP_OFF DIRLIGHTMAP_OFF DYNAMICLIGHTMAP_OFF FOG_EXP VERTEXLIGHT_ON pd= ok=1
Cmd: compileSnippet
  api=4 type=0 insize=7058 outsize=5873 kw=DIRECTIONAL SHADOWS_SCREEN LIGHTMAP_OFF DIRLIGHTMAP_OFF DYNAMICLIGHTMAP_OFF FOG_EXP VERTEXLIGHT_ON pd= ok=1
Cmd: compileSnippet
  api=1 type=1 insize=7058 outsize=330 kw=DIRECTIONAL SHADOWS_OFF LIGHTMAP_OFF DIRLIGHTMAP_OFF DYNAMICLIGHTMAP_OFF FOG_EXP pd= ok=1
Cmd: compileSnippet
  api=4 type=1 insize=7058 outsize=2631 kw=DIRECTIONAL SHADOWS_OFF LIGHTMAP_OFF DIRLIGHTMAP_COMBINED DYNAMICLIGHTMAP_ON FOG_EXP pd= ok=1
Cmd: compileSnippet
  api=4 type=1 insize=7058 outsize=2948 kw=DIRECTIONAL SHADOWS_SCREEN LIGHTMAP_OFF DIRLIGHTMAP_COMBINED DYNAMICLIGHTMAP_ON FOG_EXP pd= ok=1
Cmd: compileSnippet
  api=1 type=0 insize=3804 outsize=418 kw=DIRECTIONAL FOG_EXP pd= ok=1
Cmd: compileSnippet
  api=8 type=0 insize=3804 outsize=4428 kw=DIRECTIONAL FOG_EXP pd=UNITY_NO_SCREENSPACE_SHADOWS UNITY_NO_LINEAR_COLORSPACE ok=1
Cmd: compileSnippet
  api=8 type=0 insize=3804 outsize=4428 kw=POINT_COOKIE FOG_EXP pd=UNITY_NO_SCREENSPACE_SHADOWS UNITY_NO_LINEAR_COLORSPACE ok=1
Cmd: compileSnippet
  api=8 type=1 insize=3804 outsize=3201 kw=POINT FOG_EXP pd=UNITY_NO_SCREENSPACE_SHADOWS UNITY_NO_LINEAR_COLORSPACE ok=1
Cmd: compileSnippet
  api=8 type=1 insize=3804 outsize=3900 kw=SPOT FOG_EXP pd=UNITY_NO_SCREENSPACE_SHADOWS UNITY_NO_LINEAR_COLORSPACE ok=1
Cmd: compileSnippet
  api=1 type=0 insize=6071 outsize=771 kw=LIGHTMAP_OFF DIRLIGHTMAP_OFF DYNAMICLIGHTMAP_OFF FOG_EXP HDR_LIGHT_PREPASS_OFF pd= ok=1
Cmd: compileSnippet
  api=1 type=0 insize=6071 outsize=771 kw=LIGHTMAP_OFF DIRLIGHTMAP_OFF DYNAMICLIGHTMAP_OFF FOG_EXP UNITY_HDR_ON pd= ok=1
Cmd: compileSnippet
  api=4 type=0 insize=6071 outsize=4443 kw=LIGHTMAP_OFF DIRLIGHTMAP_OFF DYNAMICLIGHTMAP_OFF FOG_EXP UNITY_HDR_ON pd= ok=1
Cmd: compileSnippet
  api=1 type=1 insize=6071 outsize=336 kw=LIGHTMAP_OFF DIRLIGHTMAP_OFF DYNAMICLIGHTMAP_OFF FOG_EXP HDR_LIGHT_PREPASS_OFF pd= ok=1
Cmd: compileSnippet
  api=1 type=1 insize=6071 outsize=281 kw=LIGHTMAP_OFF DIRLIGHTMAP_OFF DYNAMICLIGHTMAP_OFF FOG_EXP UNITY_HDR_ON pd= ok=1
Cmd: compileSnippet
  api=1 type=1 insize=6071 outsize=595 kw=LIGHTMAP_OFF DIRLIGHTMAP_COMBINED DYNAMICLIGHTMAP_ON FOG_EXP UNITY_HDR_ON pd= ok=1
Cmd: compileSnippet
  api=1 type=0 insize=4027 outsize=724 kw=FOG_EXP pd= ok=1
Cmd: compileSnippet
  api=4 type=0 insize=4027 outsize=4085 kw=POINT FOG_EXP pd= ok=1
Cmd: compileSnippet
  api=4 type=0 insize=4027 outsize=4451 kw=SPOT FOG_EXP pd= ok=1
Cmd: compileSnippet
  api=8 type=1 insize=4027 outsize=1609 kw=FOG_EXP pd=UNITY_NO_SCREENSPACE_SHADOWS UNITY_NO_LINEAR_COLORSPACE ok=1
Cmd: compileSnippet
  api=4 type=1 insize=4027 outsize=1111 kw=SPOT FOG_EXP pd= ok=1
Cmd: compileSnippet
  api=1 type=1 insize=1798 outsize=292 kw=FOG_EXP pd= ok=1
Cmd: compileSnippet
  api=1 type=0 insize=7271 outsize=1751 kw=DIRECTIONAL SHADOWS_OFF LIGHTMAP_OFF DIRLIGHTMAP_COMBINED DYNAMICLIGHTMAP_ON FOG_EXP pd= ok=1
Cmd: compileSnippet
  api=1 type=0 insize=7271 outsize=1921 kw=DIRECTIONAL SHADOWS_SCREEN LIGHTMAP_OFF DIRLIGHTMAP_OFF DYNAMICLIGHTMAP_OFF FOG_EXP pd= ok=1
Cmd: compileSnippet
  api=4 type=0 insize=7271 outsize=6059 kw=DIRECTIONAL SHADOWS_SCREEN LIGHTMAP_OFF DIRLIGHTMAP_COMBINED DYNAMICLIGHTMAP_ON FOG_EXP pd= ok=1
Cmd: compileSnippet
  api=4 type=0 insize=7271 outsize=7839 kw=DIRECTIONAL SHADOWS_OFF LIGHTMAP_OFF DIRLIGHTMAP_OFF DYNAMICLIGHTMAP_OFF FOG_EXP VERTEXLIGHT_ON pd= ok=1
Cmd: compileSnippet
  api=1 type=0 insize=7271 outsize=1853 kw=DIRECTIONAL SHADOWS_SCREEN LIGHTMAP_OFF DIRLIGHTMAP_COMBINED DYNAMICLIGHTMAP_ON FOG_EXP VERTEXLIGHT_ON pd= ok=1
Cmd: compileSnippet
  api=8 type=0 insize=7271 outsize=10660 kw=DIRECTIONAL SHADOWS_SCREEN SHADOWS_NATIVE LIGHTMAP_OFF DIRLIGHTMAP_OFF DYNAMICLIGHTMAP_OFF FOG_EXP pd=UNITY_NO_SCREENSPACE_SHADOWS UNITY_NO_LINEAR_COLORSPACE ok=1
Cmd: compileSnippet
  api=4 type=1 insize=7271 outsize=1859 kw=DIRECTIONAL SHADOWS_OFF LIGHTMAP_OFF DIRLIGHTMAP_OFF DYNAMICLIGHTMAP_OFF FOG_EXP pd= ok=1
Cmd: compileSnippet
  api=4 type=1 insize=7271 outsize=2176 kw=DIRECTIONAL SHADOWS_SCREEN LIGHTMAP_OFF DIRLIGHTMAP_OFF DYNAMICLIGHTMAP_OFF FOG_EXP pd= ok=1
Cmd: compileSnippet
  api=8 type=1 insize=7271 outsize=3380 kw=DIRECTIONAL SHADOWS_SCREEN SHADOWS_NATIVE LIGHTMAP_OFF DIRLIGHTMAP_OFF DYNAMICLIGHTMAP_OFF FOG_EXP pd=UNITY_NO_SCREENSPACE_SHADOWS UNITY_NO_LINEAR_COLORSPACE ok=1
Cmd: compileSnippet
  api=8 type=0 insize=4017 outsize=8336 kw=POINT FOG_EXP pd=UNITY_NO_SCREENSPACE_SHADOWS UNITY_NO_LINEAR_COLORSPACE ok=1
Cmd: compileSnippet
  api=8 type=0 insize=4017 outsize=8336 kw=SPOT FOG_EXP pd=UNITY_NO_SCREENSPACE_SHADOWS UNITY_NO_LINEAR_COLORSPACE ok=1
Cmd: compileSnippet
  api=8 type=0 insize=4017 outsize=8336 kw=DIRECTIONAL_COOKIE FOG_EXP pd=UNITY_NO_SCREENSPACE_SHADOWS UNITY_NO_LINEAR_COLORSPACE ok=1
Cmd: compileSnippet
  api=1 type=1 insize=4017 outsize=527 kw=POINT FOG_EXP pd= ok=1
Cmd: compileSnippet
  api=8 type=1 insize=4017 outsize=2291 kw=DIRECTIONAL FOG_EXP pd=UNITY_NO_SCREENSPACE_SHADOWS UNITY_NO_LINEAR_COLORSPACE ok=1
Cmd: compileSnippet
  api=4 type=1 insize=4017 outsize=2549 kw=POINT_COOKIE FOG_EXP pd= ok=1
Cmd: compileSnippet
  api=1 type=0 insize=6285 outsize=2058 kw=LIGHTMAP_OFF DIRLIGHTMAP_COMBINED DYNAMICLIGHTMAP_ON FOG_EXP HDR_LIGHT_PREPASS_OFF pd= ok=1
Cmd: compileSnippet
  api=1 type=0 insize=6285 outsize=1937 kw=LIGHTMAP_OFF DIRLIGHTMAP_OFF DYNAMICLIGHTMAP_OFF FOG_EXP UNITY_HDR_ON pd= ok=1
Cmd: compileSnippet
  api=8 type=0 insize=6285 outsize=10213 kw=LIGHTMAP_OFF DIRLIGHTMAP_OFF DYNAMICLIGHTMAP_OFF FOG_EXP UNITY_HDR_ON pd=UNITY_NO_SCREENSPACE_SHADOWS UNITY_NO_LINEAR_COLORSPACE ok=1
Cmd: compileSnippet
  api=1 type=1 insize=6285 outsize=372 kw=LIGHTMAP_OFF DIRLIGHTMAP_OFF DYNAMICLIGHTMAP_OFF FOG_EXP HDR_LIGHT_PREPASS_OFF pd= ok=1
Cmd: compileSnippet
  api=4 type=1 insize=6285 outsize=2476 kw=LIGHTMAP_OFF DIRLIGHTMAP_COMBINED DYNAMICLIGHTMAP_ON FOG_EXP HDR_LIGHT_PREPASS_OFF pd= ok=1
Cmd: compileSnippet
  api=1 type=0 insize=4069 outsize=1017 kw=POINT FOG_EXP pd= ok=1
Cmd: compileSnippet
  api=1 type=0 insize=4069 outsize=1179 kw=SPOT FOG_EXP pd= ok=1
Cmd: compileSnippet
  api=1 type=1 insize=4069 outsize=259 kw=FOG_EXP pd= ok=1
Cmd: compileSnippet
  api=4 type=1 insize=4069 outsize=1233 kw=POINT FOG_EXP pd= ok=1
Cmd: compileSnippet
  api=8 type=1 insize=4069 outsize=1820 kw=SPOT FOG_EXP pd=UNITY_NO_SCREENSPACE_SHADOWS UNITY_NO_LINEAR_COLORSPACE ok=1
Cmd: compileSnippet
  api=1 type=0 insize=1836 outsize=422 kw=FOG_EXP pd= ok=1
Cmd: compileSnippet
  api=8 type=1 insize=1836 outsize=2267 kw=FOG_EXP pd=UNITY_NO_SCREENSPACE_SHADOWS UNITY_NO_LINEAR_COLORSPACE ok=1
Cmd: compileSnippet
  api=4 type=0 insize=7662 outsize=6758 kw=DIRECTIONAL SHADOWS_OFF LIGHTMAP_OFF DIRLIGHTMAP_OFF DYNAMICLIGHTMAP_OFF FOG_EXP pd= ok=1
Cmd: compileSnippet
  api=1 type=0 insize=7662 outsize=2067 kw=DIRECTIONAL SHADOWS_SCREEN LIGHTMAP_OFF DIRLIGHTMAP_OFF DYNAMICLIGHTMAP_OFF FOG_EXP pd= ok=1
Cmd: compileSnippet
  api=1 type=0 insize=7662 outsize=2508 kw=DIRECTIONAL SHADOWS_OFF LIGHTMAP_OFF DIRLIGHTMAP_OFF DYNAMICLIGHTMAP_OFF FOG_EXP VERTEXLIGHT_ON pd= ok=1
Cmd: compileSnippet
  api=1 type=0 insize=7662 outsize=1897 kw=DIRECTIONAL SHADOWS_OFF LIGHTMAP_OFF DIRLIGHTMAP_COMBINED DYNAMICLIGHTMAP_ON FOG_EXP VERTEXLIGHT_ON pd= ok=1
Cmd: compileSnippet
  api=1 type=0 insize=7662 outsize=2553 kw=DIRECTIONAL SHADOWS_SCREEN LIGHTMAP_OFF DIRLIGHTMAP_OFF DYNAMICLIGHTMAP_OFF FOG_EXP VERTEXLIGHT_ON pd= ok=1
Cmd: compileSnippet
  api=4 type=0 insize=7662 outsize=6376 kw=DIRECTIONAL SHADOWS_SCREEN LIGHTMAP_OFF DIRLIGHTMAP_COMBINED DYNAMICLIGHTMAP_ON FOG_EXP VERTEXLIGHT_ON pd= ok=1
Cmd: compileSnippet
  api=1 type=1 insize=7662 outsize=828 kw=DIRECTIONAL SHADOWS_OFF LIGHTMAP_OFF DIRLIGHTMAP_COMBINED DYNAMICLIGHTMAP_ON FOG_EXP pd= ok=1
Cmd: compileSnippet
  api=1 type=1 insize=7662 outsize=431 kw=DIRECTIONAL SHADOWS_SCREEN LIGHTMAP_OFF DIRLIGHTMAP_OFF DYNAMICLIGHTMAP_OFF FOG_EXP pd= ok=1
Cmd: compileSnippet
  api=4 type=1 insize=7662 outsize=3118 kw=DIRECTIONAL SHADOWS_SCREEN LIGHTMAP_OFF DIRLIGHTMAP_COMBINED DYNAMICLIGHTMAP_ON FOG_EXP pd= ok=1
Cmd: compileSnippet
  api=1 type=0 insize=4408 outsize=1782 kw=DIRECTIONAL FOG_EXP pd= ok=1
Cmd: compileSnippet
  api=8 type=0 insize=4408 outsize=8897 kw=DIRECTIONAL FOG_EXP pd=UNITY_NO_SCREENSPACE_SHADOWS UNITY_NO_LINEAR_COLORSPACE ok=1
Cmd: compileSnippet
  api=4 type=0 insize=4408 outsize=5848 kw=POINT_COOKIE FOG_EXP pd= ok=1
Cmd: compileSnippet
  api=1 type=1 insize=4408 outsize=527 kw=POINT FOG_EXP pd= ok=1
Cmd: compileSnippet
  api=8 type=1 insize=4408 outsize=2291 kw=DIRECTIONAL FOG_EXP pd=UNITY_NO_SCREENSPACE_SHADOWS UNITY_NO_LINEAR_COLORSPACE ok=1
Cmd: compileSnippet
  api=1 type=1 insize=4408 outsize=577 kw=POINT_COOKIE FOG_EXP pd= ok=1
Cmd: compileSnippet
  api=1 type=1 insize=4408 outsize=454 kw=DIRECTIONAL_COOKIE FOG_EXP pd= ok=1
Cmd: compileSnippet
  api=8 type=1 insize=4408 outsize=3088 kw=DIRECTIONAL_COOKIE FOG_EXP pd=UNITY_NO_SCREENSPACE_SHADOWS UNITY_NO_LINEAR_COLORSPACE ok=1
Cmd: compileSnippet
  api=8 type=0 insize=6676 outsize=10717 kw=LIGHTMAP_OFF DIRLIGHTMAP_OFF DYNAMICLIGHTMAP_OFF FOG_EXP HDR_LIGHT_PREPASS_OFF pd=UNITY_NO_SCREENSPACE_SHADOWS UNITY_NO_LINEAR_COLORSPACE ok=1
Cmd: compileSnippet
  api=8 type=0 insize=6676 outsize=10717 kw=LIGHTMAP_OFF DIRLIGHTMAP_OFF DYNAMICLIGHTMAP_OFF FOG_EXP UNITY_HDR_ON pd=UNITY_NO_SCREENSPACE_SHADOWS UNITY_NO_LINEAR_COLORSPACE ok=1
Cmd: compileSnippet
  api=1 type=1 insize=6676 outsize=372 kw=LIGHTMAP_OFF DIRLIGHTMAP_OFF DYNAMICLIGHTMAP_OFF FOG_EXP HDR_LIGHT_PREPASS_OFF pd= ok=1
Cmd: compileSnippet
  api=4 type=1 insize=6676 outsize=2476 kw=LIGHTMAP_OFF DIRLIGHTMAP_COMBINED DYNAMICLIGHTMAP_ON FOG_EXP HDR_LIGHT_PREPASS_OFF pd= ok=1
Cmd: compileSnippet
  api=4 type=1 insize=6676 outsize=2428 kw=LIGHTMAP_OFF DIRLIGHTMAP_COMBINED DYNAMICLIGHTMAP_ON FOG_EXP UNITY_HDR_ON pd= ok=1
Cmd: compileSnippet
  api=1 type=0 insize=65047 outsize=797 kw=DIRECTIONAL SHADOWS_OFF LIGHTMAP_OFF DIRLIGHTMAP_OFF DYNAMICLIGHTMAP_OFF FOG_EXP pd= ok=1
Cmd: compileSnippet
  api=4 type=0 insize=65047 outsize=4711 kw=DIRECTIONAL SHADOWS_SCREEN LIGHTMAP_OFF DIRLIGHTMAP_OFF DYNAMICLIGHTMAP_OFF FOG_EXP pd= ok=1
Cmd: compileSnippet
  api=1 type=0 insize=65047 outsize=699 kw=DIRECTIONAL SHADOWS_OFF LIGHTMAP_OFF DIRLIGHTMAP_COMBINED DYNAMICLIGHTMAP_ON FOG_EXP VERTEXLIGHT_ON pd= ok=1
Cmd: compileSnippet
  api=1 type=0 insize=65047 outsize=1440 kw=DIRECTIONAL SHADOWS_SCREEN LIGHTMAP_OFF DIRLIGHTMAP_OFF DYNAMICLIGHTMAP_OFF FOG_EXP VERTEXLIGHT_ON pd= ok=1
Cmd: compileSnippet
  api=4 type=0 insize=65047 outsize=5539 kw=DIRECTIONAL SHADOWS_OFF LIGHTMAP_OFF DIRLIGHTMAP_OFF DYNAMICLIGHTMAP_OFF FOG_EXP _TERRAIN_NORMAL_MAP pd= ok=1
Cmd: compileSnippet
  api=1 type=0 insize=65047 outsize=1237 kw=DIRECTIONAL SHADOWS_SCREEN LIGHTMAP_OFF DIRLIGHTMAP_COMBINED DYNAMICLIGHTMAP_ON FOG_EXP _TERRAIN_NORMAL_MAP pd= ok=1
Cmd: compileSnippet
  api=1 type=0 insize=65047 outsize=1758 kw=DIRECTIONAL SHADOWS_OFF LIGHTMAP_OFF DIRLIGHTMAP_OFF DYNAMICLIGHTMAP_OFF FOG_EXP VERTEXLIGHT_ON _TERRAIN_NORMAL_MAP pd= ok=1
Cmd: compileSnippet
  api=4 type=0 insize=65047 outsize=7343 kw=DIRECTIONAL SHADOWS_SCREEN LIGHTMAP_OFF DIRLIGHTMAP_OFF DYNAMICLIGHTMAP_OFF FOG_EXP VERTEXLIGHT_ON _TERRAIN_NORMAL_MAP pd= ok=1
Cmd: compileSnippet
  api=1 type=1 insize=65047 outsize=1169 kw=DIRECTIONAL SHADOWS_OFF LIGHTMAP_OFF DIRLIGHTMAP_COMBINED DYNAMICLIGHTMAP_ON FOG_EXP pd= ok=1
Cmd: compileSnippet
  api=4 type=1 insize=65047 outsize=3939 kw=DIRECTIONAL SHADOWS_SCREEN LIGHTMAP_OFF DIRLIGHTMAP_COMBINED DYNAMICLIGHTMAP_ON FOG_EXP pd= ok=1
Cmd: compileSnippet
  api=4 type=1 insize=65047 outsize=5028 kw=DIRECTIONAL SHADOWS_OFF LIGHTMAP_OFF DIRLIGHTMAP_COMBINED DYNAMICLIGHTMAP_ON FOG_EXP _TERRAIN_NORMAL_MAP pd= ok=1
Cmd: compileSnippet
  api=4 type=1 insize=65047 outsize=5344 kw=DIRECTIONAL SHADOWS_SCREEN LIGHTMAP_OFF DIRLIGHTMAP_COMBINED DYNAMICLIGHTMAP_ON FOG_EXP _TERRAIN_NORMAL_MAP pd= ok=1
Cmd: compileSnippet
  api=4 type=0 insize=41221 outsize=3565 kw=POINT FOG_EXP pd= ok=1
Cmd: compileSnippet
  api=4 type=0 insize=41221 outsize=3565 kw=POINT_COOKIE FOG_EXP pd= ok=1
Cmd: compileSnippet
  api=1 type=0 insize=41221 outsize=1051 kw=POINT FOG_EXP _TERRAIN_NORMAL_MAP pd= ok=1
Cmd: compileSnippet
  api=1 type=0 insize=41221 outsize=1051 kw=SPOT FOG_EXP _TERRAIN_NORMAL_MAP pd= ok=1
Cmd: compileSnippet
  api=1 type=0 insize=41221 outsize=1051 kw=DIRECTIONAL_COOKIE FOG_EXP _TERRAIN_NORMAL_MAP pd= ok=1
Cmd: compileSnippet
  api=4 type=1 insize=41221 outsize=3443 kw=POINT FOG_EXP pd= ok=1
Cmd: compileSnippet
  api=4 type=1 insize=41221 outsize=3630 kw=POINT_COOKIE FOG_EXP pd= ok=1
Cmd: compileSnippet
  api=1 type=1 insize=41221 outsize=1440 kw=POINT FOG_EXP _TERRAIN_NORMAL_MAP pd= ok=1
Cmd: compileSnippet
  api=1 type=1 insize=41221 outsize=1569 kw=SPOT FOG_EXP _TERRAIN_NORMAL_MAP pd= ok=1
Cmd: compileSnippet
  api=1 type=1 insize=41221 outsize=1351 kw=DIRECTIONAL_COOKIE FOG_EXP _TERRAIN_NORMAL_MAP pd= ok=1
Cmd: compileSnippet
  api=4 type=0 insize=57091 outsize=5036 kw=LIGHTMAP_OFF DIRLIGHTMAP_COMBINED DYNAMICLIGHTMAP_ON FOG_EXP HDR_LIGHT_PREPASS_OFF pd= ok=1
Cmd: compileSnippet
  api=4 type=0 insize=57091 outsize=5036 kw=LIGHTMAP_OFF DIRLIGHTMAP_COMBINED DYNAMICLIGHTMAP_ON FOG_EXP UNITY_HDR_ON pd= ok=1
Cmd: compileSnippet
  api=4 type=0 insize=57091 outsize=5036 kw=LIGHTMAP_OFF DIRLIGHTMAP_COMBINED DYNAMICLIGHTMAP_ON FOG_EXP HDR_LIGHT_PREPASS_OFF _TERRAIN_NORMAL_MAP pd= ok=1
Cmd: compileSnippet
  api=4 type=1 insize=57091 outsize=2826 kw=LIGHTMAP_OFF DIRLIGHTMAP_OFF DYNAMICLIGHTMAP_OFF FOG_EXP HDR_LIGHT_PREPASS_OFF pd= ok=1
Cmd: compileSnippet
  api=4 type=1 insize=57091 outsize=2777 kw=LIGHTMAP_OFF DIRLIGHTMAP_OFF DYNAMICLIGHTMAP_OFF FOG_EXP UNITY_HDR_ON pd= ok=1
Cmd: compileSnippet
  api=4 type=1 insize=57091 outsize=2826 kw=LIGHTMAP_OFF DIRLIGHTMAP_OFF DYNAMICLIGHTMAP_OFF FOG_EXP HDR_LIGHT_PREPASS_OFF _TERRAIN_NORMAL_MAP pd= ok=1
Cmd: compileSnippet
  api=4 type=1 insize=57091 outsize=2777 kw=LIGHTMAP_OFF DIRLIGHTMAP_OFF DYNAMICLIGHTMAP_OFF FOG_EXP UNITY_HDR_ON _TERRAIN_NORMAL_MAP pd= ok=1
Cmd: compileSnippet
  api=1 type=0 insize=31775 outsize=764 kw=DIRECTIONAL SHADOWS_OFF LIGHTMAP_OFF DIRLIGHTMAP_OFF DYNAMICLIGHTMAP_OFF FOG_EXP pd= ok=1
Cmd: compileSnippet
  api=1 type=0 insize=31775 outsize=877 kw=DIRECTIONAL SHADOWS_SCREEN LIGHTMAP_OFF DIRLIGHTMAP_OFF DYNAMICLIGHTMAP_OFF FOG_EXP pd= ok=1
Cmd: compileSnippet
  api=4 type=0 insize=31775 outsize=4239 kw=DIRECTIONAL SHADOWS_SCREEN LIGHTMAP_OFF DIRLIGHTMAP_COMBINED DYNAMICLIGHTMAP_ON FOG_EXP pd= ok=1
Cmd: compileSnippet
  api=1 type=0 insize=31775 outsize=699 kw=DIRECTIONAL SHADOWS_OFF LIGHTMAP_OFF DIRLIGHTMAP_COMBINED DYNAMICLIGHTMAP_ON FOG_EXP VERTEXLIGHT_ON pd= ok=1
Cmd: compileSnippet
  api=1 type=0 insize=31775 outsize=1384 kw=DIRECTIONAL SHADOWS_SCREEN LIGHTMAP_OFF DIRLIGHTMAP_OFF DYNAMICLIGHTMAP_OFF FOG_EXP VERTEXLIGHT_ON pd= ok=1
Cmd: compileSnippet
  api=4 type=0 insize=31775 outsize=4239 kw=DIRECTIONAL SHADOWS_SCREEN LIGHTMAP_OFF DIRLIGHTMAP_COMBINED DYNAMICLIGHTMAP_ON FOG_EXP VERTEXLIGHT_ON pd= ok=1
Cmd: compileSnippet
  api=1 type=1 insize=31775 outsize=735 kw=DIRECTIONAL SHADOWS_OFF LIGHTMAP_OFF DIRLIGHTMAP_OFF DYNAMICLIGHTMAP_OFF FOG_EXP pd= ok=1
Cmd: compileSnippet
  api=4 type=1 insize=31775 outsize=3622 kw=DIRECTIONAL SHADOWS_OFF LIGHTMAP_OFF DIRLIGHTMAP_COMBINED DYNAMICLIGHTMAP_ON FOG_EXP pd= ok=1
Cmd: compileSnippet
  api=8 type=1 insize=31775 outsize=4761 kw=DIRECTIONAL SHADOWS_SCREEN SHADOWS_NATIVE LIGHTMAP_OFF DIRLIGHTMAP_OFF DYNAMICLIGHTMAP_OFF FOG_EXP pd=UNITY_NO_SCREENSPACE_SHADOWS UNITY_NO_LINEAR_COLORSPACE ok=1
Cmd: compileSnippet
  api=1 type=0 insize=18512 outsize=523 kw=DIRECTIONAL FOG_EXP pd= ok=1
Cmd: compileSnippet
  api=4 type=0 insize=18512 outsize=3711 kw=DIRECTIONAL FOG_EXP pd= ok=1
Cmd: compileSnippet
  api=8 type=0 insize=18512 outsize=5249 kw=SPOT FOG_EXP pd=UNITY_NO_SCREENSPACE_SHADOWS UNITY_NO_LINEAR_COLORSPACE ok=1
Cmd: compileSnippet
  api=4 type=0 insize=18512 outsize=3711 kw=DIRECTIONAL_COOKIE FOG_EXP pd= ok=1
Cmd: compileSnippet
  api=4 type=1 insize=18512 outsize=3281 kw=POINT FOG_EXP pd= ok=1
Cmd: compileSnippet
  api=1 type=1 insize=18512 outsize=1070 kw=SPOT FOG_EXP pd= ok=1
Cmd: compileSnippet
  api=8 type=1 insize=18512 outsize=5744 kw=SPOT FOG_EXP pd=UNITY_NO_SCREENSPACE_SHADOWS UNITY_NO_LINEAR_COLORSPACE ok=1
Cmd: compileSnippet
  api=1 type=0 insize=27566 outsize=876 kw=LIGHTMAP_OFF DIRLIGHTMAP_OFF DYNAMICLIGHTMAP_OFF FOG_EXP HDR_LIGHT_PREPASS_OFF pd= ok=1
Cmd: compileSnippet
  api=4 type=0 insize=27566 outsize=5036 kw=LIGHTMAP_OFF DIRLIGHTMAP_COMBINED DYNAMICLIGHTMAP_ON FOG_EXP HDR_LIGHT_PREPASS_OFF pd= ok=1
Cmd: compileSnippet
  api=4 type=0 insize=27566 outsize=5036 kw=LIGHTMAP_OFF DIRLIGHTMAP_COMBINED DYNAMICLIGHTMAP_ON FOG_EXP UNITY_HDR_ON pd= ok=1
Cmd: compileSnippet
  api=4 type=1 insize=27566 outsize=2663 kw=LIGHTMAP_OFF DIRLIGHTMAP_OFF DYNAMICLIGHTMAP_OFF FOG_EXP HDR_LIGHT_PREPASS_OFF pd= ok=1
Cmd: compileSnippet
  api=1 type=1 insize=27566 outsize=684 kw=LIGHTMAP_OFF DIRLIGHTMAP_OFF DYNAMICLIGHTMAP_OFF FOG_EXP UNITY_HDR_ON pd= ok=1
Cmd: compileSnippet
  api=4 type=1 insize=27566 outsize=3289 kw=LIGHTMAP_OFF DIRLIGHTMAP_COMBINED DYNAMICLIGHTMAP_ON FOG_EXP UNITY_HDR_ON pd= ok=1
Cmd: compileSnippet
  api=1 type=0 insize=64711 outsize=699 kw=DIRECTIONAL SHADOWS_OFF LIGHTMAP_OFF DIRLIGHTMAP_COMBINED DYNAMICLIGHTMAP_ON FOG_EXP pd= ok=1
Cmd: compileSnippet
  api=1 type=0 insize=64711 outsize=931 kw=DIRECTIONAL SHADOWS_SCREEN LIGHTMAP_OFF DIRLIGHTMAP_OFF DYNAMICLIGHTMAP_OFF FOG_EXP pd= ok=1
Cmd: compileSnippet
  api=1 type=0 insize=64711 outsize=1306 kw=DIRECTIONAL SHADOWS_OFF LIGHTMAP_OFF DIRLIGHTMAP_OFF DYNAMICLIGHTMAP_OFF FOG_EXP VERTEXLIGHT_ON pd= ok=1
Cmd: compileSnippet
  api=4 type=0 insize=64711 outsize=6165 kw=DIRECTIONAL SHADOWS_SCREEN LIGHTMAP_OFF DIRLIGHTMAP_OFF DYNAMICLIGHTMAP_OFF FOG_EXP VERTEXLIGHT_ON pd= ok=1
Cmd: compileSnippet
  api=1 type=0 insize=64711 outsize=1103 kw=DIRECTIONAL SHADOWS_OFF LIGHTMAP_OFF DIRLIGHTMAP_COMBINED DYNAMICLIGHTMAP_ON FOG_EXP _TERRAIN_NORMAL_MAP pd= ok=1
Cmd: compileSnippet
  api=4 type=0 insize=64711 outsize=5929 kw=DIRECTIONAL SHADOWS_SCREEN LIGHTMAP_OFF DIRLIGHTMAP_OFF DYNAMICLIGHTMAP_OFF FOG_EXP _TERRAIN_NORMAL_MAP pd= ok=1
Cmd: compileSnippet
  api=1 type=0 insize=64711 outsize=1103 kw=DIRECTIONAL SHADOWS_OFF LIGHTMAP_OFF DIRLIGHTMAP_COMBINED DYNAMICLIGHTMAP_ON FOG_EXP VERTEXLIGHT_ON _TERRAIN_NORMAL_MAP pd= ok=1
Cmd: compileSnippet
  api=1 type=0 insize=64711 outsize=1892 kw=DIRECTIONAL SHADOWS_SCREEN LIGHTMAP_OFF DIRLIGHTMAP_OFF DYNAMICLIGHTMAP_OFF FOG_EXP VERTEXLIGHT_ON _TERRAIN_NORMAL_MAP pd= ok=1
Cmd: compileSnippet
  api=1 type=1 insize=64711 outsize=1107 kw=DIRECTIONAL SHADOWS_OFF LIGHTMAP_OFF DIRLIGHTMAP_COMBINED DYNAMICLIGHTMAP_ON FOG_EXP pd= ok=1
Cmd: compileSnippet
  api=1 type=1 insize=64711 outsize=1179 kw=DIRECTIONAL SHADOWS_SCREEN LIGHTMAP_OFF DIRLIGHTMAP_COMBINED DYNAMICLIGHTMAP_ON FOG_EXP pd= ok=1
Cmd: compileSnippet
  api=1 type=1 insize=64711 outsize=1626 kw=DIRECTIONAL SHADOWS_OFF LIGHTMAP_OFF DIRLIGHTMAP_COMBINED DYNAMICLIGHTMAP_ON FOG_EXP _TERRAIN_NORMAL_MAP pd= ok=1
Cmd: compileSnippet
  api=1 type=1 insize=64711 outsize=1710 kw=DIRECTIONAL SHADOWS_SCREEN LIGHTMAP_OFF DIRLIGHTMAP_COMBINED DYNAMICLIGHTMAP_ON FOG_EXP _TERRAIN_NORMAL_MAP pd= ok=1
Cmd: compileSnippet
  api=1 type=0 insize=40885 outsize=594 kw=POINT FOG_EXP pd= ok=1
Cmd: compileSnippet
  api=4 type=0 insize=40885 outsize=3565 kw=SPOT FOG_EXP pd= ok=1
Cmd: compileSnippet
  api=4 type=0 insize=40885 outsize=3565 kw=DIRECTIONAL_COOKIE FOG_EXP pd= ok=1
Cmd: compileSnippet
  api=4 type=0 insize=40885 outsize=4776 kw=DIRECTIONAL FOG_EXP _TERRAIN_NORMAL_MAP pd= ok=1
Cmd: compileSnippet
  api=1 type=0 insize=40885 outsize=1051 kw=DIRECTIONAL_COOKIE FOG_EXP _TERRAIN_NORMAL_MAP pd= ok=1
Cmd: compileSnippet
  api=4 type=1 insize=40885 outsize=2558 kw=DIRECTIONAL FOG_EXP pd= ok=1
Cmd: compileSnippet
  api=4 type=1 insize=40885 outsize=3833 kw=SPOT FOG_EXP pd= ok=1
Cmd: compileSnippet
  api=1 type=1 insize=40885 outsize=1399 kw=POINT FOG_EXP _TERRAIN_NORMAL_MAP pd= ok=1
Cmd: compileSnippet
  api=1 type=1 insize=40885 outsize=1503 kw=SPOT FOG_EXP _TERRAIN_NORMAL_MAP pd= ok=1
Cmd: compileSnippet
  api=1 type=1 insize=40885 outsize=1325 kw=DIRECTIONAL_COOKIE FOG_EXP _TERRAIN_NORMAL_MAP pd= ok=1
Cmd: compileSnippet
  api=1 type=0 insize=56755 outsize=1038 kw=LIGHTMAP_OFF DIRLIGHTMAP_COMBINED DYNAMICLIGHTMAP_ON FOG_EXP HDR_LIGHT_PREPASS_OFF pd= ok=1
Cmd: compileSnippet
  api=4 type=0 insize=56755 outsize=4889 kw=LIGHTMAP_OFF DIRLIGHTMAP_OFF DYNAMICLIGHTMAP_OFF FOG_EXP UNITY_HDR_ON pd= ok=1
Cmd: compileSnippet
  api=4 type=0 insize=56755 outsize=5036 kw=LIGHTMAP_OFF DIRLIGHTMAP_COMBINED DYNAMICLIGHTMAP_ON FOG_EXP HDR_LIGHT_PREPASS_OFF _TERRAIN_NORMAL_MAP pd= ok=1
Cmd: compileSnippet
  api=4 type=1 insize=56755 outsize=2777 kw=LIGHTMAP_OFF DIRLIGHTMAP_OFF DYNAMICLIGHTMAP_OFF FOG_EXP HDR_LIGHT_PREPASS_OFF pd= ok=1
Cmd: compileSnippet
  api=4 type=1 insize=56755 outsize=2728 kw=LIGHTMAP_OFF DIRLIGHTMAP_OFF DYNAMICLIGHTMAP_OFF FOG_EXP UNITY_HDR_ON pd= ok=1
Cmd: compileSnippet
  api=4 type=1 insize=56755 outsize=3289 kw=LIGHTMAP_OFF DIRLIGHTMAP_COMBINED DYNAMICLIGHTMAP_ON FOG_EXP HDR_LIGHT_PREPASS_OFF _TERRAIN_NORMAL_MAP pd= ok=1
Cmd: compileSnippet
  api=1 type=0 insize=31607 outsize=699 kw=DIRECTIONAL SHADOWS_OFF LIGHTMAP_OFF DIRLIGHTMAP_COMBINED DYNAMICLIGHTMAP_ON FOG_EXP pd= ok=1
Cmd: compileSnippet
  api=4 type=0 insize=31607 outsize=3849 kw=DIRECTIONAL SHADOWS_OFF LIGHTMAP_OFF DIRLIGHTMAP_COMBINED DYNAMICLIGHTMAP_ON FOG_EXP pd= ok=1
Cmd: compileSnippet
  api=4 type=0 insize=31607 outsize=4239 kw=DIRECTIONAL SHADOWS_SCREEN LIGHTMAP_OFF DIRLIGHTMAP_COMBINED DYNAMICLIGHTMAP_ON FOG_EXP pd= ok=1
Cmd: compileSnippet
  api=1 type=0 insize=31607 outsize=699 kw=DIRECTIONAL SHADOWS_OFF LIGHTMAP_OFF DIRLIGHTMAP_COMBINED DYNAMICLIGHTMAP_ON FOG_EXP VERTEXLIGHT_ON pd= ok=1
Cmd: compileSnippet
  api=4 type=0 insize=31607 outsize=3849 kw=DIRECTIONAL SHADOWS_OFF LIGHTMAP_OFF DIRLIGHTMAP_COMBINED DYNAMICLIGHTMAP_ON FOG_EXP VERTEXLIGHT_ON pd= ok=1
Cmd: compileSnippet
  api=1 type=0 insize=31607 outsize=833 kw=DIRECTIONAL SHADOWS_SCREEN LIGHTMAP_OFF DIRLIGHTMAP_COMBINED DYNAMICLIGHTMAP_ON FOG_EXP VERTEXLIGHT_ON pd= ok=1
Cmd: compileSnippet
  api=8 type=0 insize=31607 outsize=10018 kw=DIRECTIONAL SHADOWS_SCREEN SHADOWS_NATIVE LIGHTMAP_OFF DIRLIGHTMAP_OFF DYNAMICLIGHTMAP_OFF FOG_EXP VERTEXLIGHT_ON pd=UNITY_NO_SCREENSPACE_SHADOWS UNITY_NO_LINEAR_COLORSPACE ok=1
Cmd: compileSnippet
  api=1 type=1 insize=31607 outsize=695 kw=DIRECTIONAL SHADOWS_OFF LIGHTMAP_OFF DIRLIGHTMAP_OFF DYNAMICLIGHTMAP_OFF FOG_EXP pd= ok=1
Cmd: compileSnippet
  api=4 type=1 insize=31607 outsize=3573 kw=DIRECTIONAL SHADOWS_OFF LIGHTMAP_OFF DIRLIGHTMAP_COMBINED DYNAMICLIGHTMAP_ON FOG_EXP pd= ok=1
Cmd: compileSnippet
  api=8 type=1 insize=31607 outsize=4737 kw=DIRECTIONAL SHADOWS_SCREEN SHADOWS_NATIVE LIGHTMAP_OFF DIRLIGHTMAP_OFF DYNAMICLIGHTMAP_OFF FOG_EXP pd=UNITY_NO_SCREENSPACE_SHADOWS UNITY_NO_LINEAR_COLORSPACE ok=1
Cmd: compileSnippet
  api=1 type=0 insize=18344 outsize=523 kw=DIRECTIONAL FOG_EXP pd= ok=1
Cmd: compileSnippet
  api=4 type=0 insize=18344 outsize=3711 kw=DIRECTIONAL FOG_EXP pd= ok=1
Cmd: compileSnippet
  api=1 type=0 insize=18344 outsize=523 kw=POINT_COOKIE FOG_EXP pd= ok=1
Cmd: compileSnippet
  api=1 type=0 insize=18344 outsize=523 kw=DIRECTIONAL_COOKIE FOG_EXP pd= ok=1
Cmd: compileSnippet
  api=1 type=1 insize=18344 outsize=854 kw=POINT FOG_EXP pd= ok=1
Cmd: compileSnippet
  api=8 type=1 insize=18344 outsize=3681 kw=DIRECTIONAL FOG_EXP pd=UNITY_NO_SCREENSPACE_SHADOWS UNITY_NO_LINEAR_COLORSPACE ok=1
Cmd: compileSnippet
  api=4 type=1 insize=18344 outsize=3362 kw=POINT_COOKIE FOG_EXP pd= ok=1
Cmd: compileSnippet
  api=4 type=1 insize=18344 outsize=2899 kw=DIRECTIONAL_COOKIE FOG_EXP pd= ok=1
Cmd: compileSnippet
  api=1 type=0 insize=27398 outsize=1038 kw=LIGHTMAP_OFF DIRLIGHTMAP_COMBINED DYNAMICLIGHTMAP_ON FOG_EXP HDR_LIGHT_PREPASS_OFF pd= ok=1
Cmd: compileSnippet
  api=4 type=0 insize=27398 outsize=5036 kw=LIGHTMAP_OFF DIRLIGHTMAP_COMBINED DYNAMICLIGHTMAP_ON FOG_EXP HDR_LIGHT_PREPASS_OFF pd= ok=1
Cmd: compileSnippet
  api=1 type=0 insize=27398 outsize=1038 kw=LIGHTMAP_OFF DIRLIGHTMAP_COMBINED DYNAMICLIGHTMAP_ON FOG_EXP UNITY_HDR_ON pd= ok=1
Cmd: compileSnippet
  api=1 type=1 insize=27398 outsize=964 kw=LIGHTMAP_OFF DIRLIGHTMAP_COMBINED DYNAMICLIGHTMAP_ON FOG_EXP HDR_LIGHT_PREPASS_OFF pd= ok=1
Cmd: compileSnippet
  api=1 type=1 insize=27398 outsize=644 kw=LIGHTMAP_OFF DIRLIGHTMAP_OFF DYNAMICLIGHTMAP_OFF FOG_EXP UNITY_HDR_ON pd= ok=1
Cmd: compileSnippet
  api=4 type=1 insize=27398 outsize=3240 kw=LIGHTMAP_OFF DIRLIGHTMAP_COMBINED DYNAMICLIGHTMAP_ON FOG_EXP UNITY_HDR_ON pd= ok=1
Cmd: compileSnippet
  api=1 type=0 insize=1041 outsize=536 kw=FOG_EXP pd= ok=1
Cmd: compileSnippet
  api=1 type=0 insize=619 outsize=1955 kw=FOG_EXP pd= ok=1
Cmd: compileSnippet
  api=8 type=1 insize=619 outsize=1552 kw=FOG_EXP pd=UNITY_NO_SCREENSPACE_SHADOWS UNITY_NO_LINEAR_COLORSPACE ok=1
Cmd: compileSnippet
  api=1 type=0 insize=794 outsize=436 kw=SHADOWS_CUBE pd= ok=1
Cmd: compileSnippet
  api=8 type=0 insize=794 outsize=3323 kw=SHADOWS_CUBE pd=UNITY_NO_SCREENSPACE_SHADOWS UNITY_NO_LINEAR_COLORSPACE ok=1
Cmd: compileSnippet
  api=1 type=1 insize=794 outsize=97 kw=SHADOWS_CUBE pd= ok=1
Cmd: compileSnippet
  api=8 type=0 insize=631 outsize=8255 kw=FOG_EXP pd=UNITY_NO_SCREENSPACE_SHADOWS UNITY_NO_LINEAR_COLORSPACE ok=1
Cmd: compileSnippet
  api=8 type=1 insize=631 outsize=1739 kw=FOG_EXP pd=UNITY_NO_SCREENSPACE_SHADOWS UNITY_NO_LINEAR_COLORSPACE ok=1
Cmd: compileSnippet
  api=1 type=0 insize=1004 outsize=467 kw=SHADOWS_CUBE pd= ok=1
Cmd: compileSnippet
  api=8 type=0 insize=1004 outsize=3575 kw=SHADOWS_CUBE pd=UNITY_NO_SCREENSPACE_SHADOWS UNITY_NO_LINEAR_COLORSPACE ok=1
Cmd: compileSnippet
  api=8 type=1 insize=1004 outsize=1268 kw=SHADOWS_DEPTH pd=UNITY_NO_SCREENSPACE_SHADOWS UNITY_NO_LINEAR_COLORSPACE ok=1
Cmd: compileSnippet
  api=8 type=0 insize=4070 outsize=3859 kw= pd=UNITY_NO_SCREENSPACE_SHADOWS UNITY_NO_LINEAR_COLORSPACE ok=1
Cmd: compileSnippet
  api=8 type=0 insize=4070 outsize=6118 kw=SPOT pd=UNITY_NO_SCREENSPACE_SHADOWS UNITY_NO_LINEAR_COLORSPACE ok=1
Cmd: compileSnippet
  api=8 type=0 insize=4070 outsize=6069 kw=POINT FOG_EXP pd=UNITY_NO_SCREENSPACE_SHADOWS UNITY_NO_LINEAR_COLORSPACE ok=1
Cmd: compileSnippet
  api=1 type=1 insize=4070 outsize=197 kw=POINT pd= ok=1
Cmd: compileSnippet
  api=4 type=1 insize=4070 outsize=989 kw=POINT pd= ok=1
Cmd: compileSnippet
  api=1 type=1 insize=4070 outsize=259 kw=FOG_EXP pd= ok=1
Cmd: compileSnippet
  api=1 type=1 insize=4070 outsize=259 kw=POINT FOG_EXP pd= ok=1
Cmd: compileSnippet
  api=1 type=1 insize=4070 outsize=259 kw=SPOT FOG_EXP pd= ok=1
Cmd: compileSnippet
  api=4 type=0 insize=66838 outsize=3849 kw=DIRECTIONAL SHADOWS_OFF LIGHTMAP_OFF DIRLIGHTMAP_COMBINED DYNAMICLIGHTMAP_ON FOG_EXP pd= ok=1
Cmd: compileSnippet
  api=1 type=0 insize=66838 outsize=833 kw=DIRECTIONAL SHADOWS_SCREEN LIGHTMAP_OFF DIRLIGHTMAP_COMBINED DYNAMICLIGHTMAP_ON FOG_EXP pd= ok=1
Cmd: compileSnippet
  api=4 type=0 insize=66838 outsize=5775 kw=DIRECTIONAL SHADOWS_OFF LIGHTMAP_OFF DIRLIGHTMAP_OFF DYNAMICLIGHTMAP_OFF FOG_EXP VERTEXLIGHT_ON pd= ok=1
Cmd: compileSnippet
  api=4 type=0 insize=66838 outsize=4239 kw=DIRECTIONAL SHADOWS_SCREEN LIGHTMAP_OFF DIRLIGHTMAP_COMBINED DYNAMICLIGHTMAP_ON FOG_EXP VERTEXLIGHT_ON pd= ok=1
Cmd: compileSnippet
  api=1 type=0 insize=66838 outsize=1237 kw=DIRECTIONAL SHADOWS_SCREEN LIGHTMAP_OFF DIRLIGHTMAP_COMBINED DYNAMICLIGHTMAP_ON FOG_EXP VERTEXLIGHT_ON _TERRAIN_NORMAL_MAP pd= ok=1
Cmd: compileSnippet
  api=4 type=1 insize=66838 outsize=4556 kw=DIRECTIONAL SHADOWS_OFF LIGHTMAP_OFF DIRLIGHTMAP_COMBINED DYNAMICLIGHTMAP_ON FOG_EXP pd= ok=1
Cmd: compileSnippet
  api=4 type=1 insize=66838 outsize=4434 kw=DIRECTIONAL SHADOWS_SCREEN LIGHTMAP_OFF DIRLIGHTMAP_OFF DYNAMICLIGHTMAP_OFF FOG_EXP pd= ok=1
Cmd: compileSnippet
  api=1 type=1 insize=66838 outsize=1652 kw=DIRECTIONAL SHADOWS_OFF LIGHTMAP_OFF DIRLIGHTMAP_OFF DYNAMICLIGHTMAP_OFF FOG_EXP _TERRAIN_NORMAL_MAP pd= ok=1
Cmd: compileSnippet
  api=1 type=1 insize=66838 outsize=1709 kw=DIRECTIONAL SHADOWS_SCREEN LIGHTMAP_OFF DIRLIGHTMAP_OFF DYNAMICLIGHTMAP_OFF FOG_EXP _TERRAIN_NORMAL_MAP pd= ok=1
Cmd: compileSnippet
  api=4 type=0 insize=42676 outsize=3565 kw=POINT FOG_EXP pd= ok=1
Cmd: compileSnippet
  api=1 type=0 insize=42676 outsize=594 kw=POINT_COOKIE FOG_EXP pd= ok=1
Cmd: compileSnippet
  api=4 type=0 insize=42676 outsize=3565 kw=DIRECTIONAL_COOKIE FOG_EXP pd= ok=1
Cmd: compileSnippet
  api=4 type=0 insize=42676 outsize=4776 kw=DIRECTIONAL FOG_EXP _TERRAIN_NORMAL_MAP pd= ok=1
Cmd: compileSnippet
  api=1 type=0 insize=42676 outsize=1051 kw=DIRECTIONAL_COOKIE FOG_EXP _TERRAIN_NORMAL_MAP pd= ok=1
Cmd: compileSnippet
  api=1 type=1 insize=42676 outsize=1111 kw=POINT FOG_EXP pd= ok=1
Cmd: compileSnippet
  api=4 type=1 insize=42676 outsize=4776 kw=SPOT FOG_EXP pd= ok=1
Cmd: compileSnippet
  api=1 type=1 insize=42676 outsize=1648 kw=POINT FOG_EXP _TERRAIN_NORMAL_MAP pd= ok=1
Cmd: compileSnippet
  api=1 type=1 insize=42676 outsize=1766 kw=SPOT FOG_EXP _TERRAIN_NORMAL_MAP pd= ok=1
Cmd: compileSnippet
  api=1 type=1 insize=42676 outsize=1567 kw=DIRECTIONAL_COOKIE FOG_EXP _TERRAIN_NORMAL_MAP pd= ok=1
Cmd: compileSnippet
  api=4 type=0 insize=57882 outsize=4889 kw=LIGHTMAP_OFF DIRLIGHTMAP_OFF DYNAMICLIGHTMAP_OFF FOG_EXP HDR_LIGHT_PREPASS_OFF pd= ok=1
Cmd: compileSnippet
  api=1 type=0 insize=57882 outsize=984 kw=LIGHTMAP_OFF DIRLIGHTMAP_OFF DYNAMICLIGHTMAP_OFF FOG_EXP HDR_LIGHT_PREPASS_OFF _TERRAIN_NORMAL_MAP pd= ok=1
Cmd: compileSnippet
  api=1 type=0 insize=57882 outsize=1038 kw=LIGHTMAP_OFF DIRLIGHTMAP_COMBINED DYNAMICLIGHTMAP_ON FOG_EXP HDR_LIGHT_PREPASS_OFF _TERRAIN_NORMAL_MAP pd= ok=1
Cmd: compileSnippet
  api=1 type=0 insize=57882 outsize=984 kw=LIGHTMAP_OFF DIRLIGHTMAP_OFF DYNAMICLIGHTMAP_OFF FOG_EXP UNITY_HDR_ON _TERRAIN_NORMAL_MAP pd= ok=1
Cmd: compileSnippet
  api=4 type=1 insize=57882 outsize=3492 kw=LIGHTMAP_OFF DIRLIGHTMAP_COMBINED DYNAMICLIGHTMAP_ON FOG_EXP HDR_LIGHT_PREPASS_OFF pd= ok=1
Cmd: compileSnippet
  api=1 type=1 insize=57882 outsize=967 kw=LIGHTMAP_OFF DIRLIGHTMAP_COMBINED DYNAMICLIGHTMAP_ON FOG_EXP UNITY_HDR_ON pd= ok=1
Cmd: compileSnippet
  api=4 type=1 insize=57882 outsize=3492 kw=LIGHTMAP_OFF DIRLIGHTMAP_COMBINED DYNAMICLIGHTMAP_ON FOG_EXP HDR_LIGHT_PREPASS_OFF _TERRAIN_NORMAL_MAP pd= ok=1
Cmd: compileSnippet
  api=1 type=1 insize=57882 outsize=967 kw=LIGHTMAP_OFF DIRLIGHTMAP_COMBINED DYNAMICLIGHTMAP_ON FOG_EXP UNITY_HDR_ON _TERRAIN_NORMAL_MAP pd= ok=1
Cmd: compileSnippet
  api=4 type=0 insize=67174 outsize=3849 kw=DIRECTIONAL SHADOWS_OFF LIGHTMAP_OFF DIRLIGHTMAP_COMBINED DYNAMICLIGHTMAP_ON FOG_EXP pd= ok=1
Cmd: compileSnippet
  api=4 type=0 insize=67174 outsize=4239 kw=DIRECTIONAL SHADOWS_SCREEN LIGHTMAP_OFF DIRLIGHTMAP_COMBINED DYNAMICLIGHTMAP_ON FOG_EXP pd= ok=1
Cmd: compileSnippet
  api=4 type=0 insize=67174 outsize=3849 kw=DIRECTIONAL SHADOWS_OFF LIGHTMAP_OFF DIRLIGHTMAP_COMBINED DYNAMICLIGHTMAP_ON FOG_EXP VERTEXLIGHT_ON pd= ok=1
Cmd: compileSnippet
  api=1 type=0 insize=67174 outsize=833 kw=DIRECTIONAL SHADOWS_SCREEN LIGHTMAP_OFF DIRLIGHTMAP_COMBINED DYNAMICLIGHTMAP_ON FOG_EXP VERTEXLIGHT_ON pd= ok=1
Cmd: compileSnippet
  api=1 type=0 insize=67174 outsize=1218 kw=DIRECTIONAL SHADOWS_OFF LIGHTMAP_OFF DIRLIGHTMAP_OFF DYNAMICLIGHTMAP_OFF FOG_EXP _TERRAIN_NORMAL_MAP pd= ok=1
Cmd: compileSnippet
  api=1 type=0 insize=67174 outsize=1352 kw=DIRECTIONAL SHADOWS_SCREEN LIGHTMAP_OFF DIRLIGHTMAP_OFF DYNAMICLIGHTMAP_OFF FOG_EXP _TERRAIN_NORMAL_MAP pd= ok=1
Cmd: compileSnippet
  api=4 type=0 insize=67174 outsize=5499 kw=DIRECTIONAL SHADOWS_SCREEN LIGHTMAP_OFF DIRLIGHTMAP_COMBINED DYNAMICLIGHTMAP_ON FOG_EXP _TERRAIN_NORMAL_MAP pd= ok=1
Cmd: compileSnippet
  api=1 type=0 insize=67174 outsize=1103 kw=DIRECTIONAL SHADOWS_OFF LIGHTMAP_OFF DIRLIGHTMAP_COMBINED DYNAMICLIGHTMAP_ON FOG_EXP VERTEXLIGHT_ON _TERRAIN_NORMAL_MAP pd= ok=1
Cmd: compileSnippet
  api=1 type=0 insize=67174 outsize=1892 kw=DIRECTIONAL SHADOWS_SCREEN LIGHTMAP_OFF DIRLIGHTMAP_OFF DYNAMICLIGHTMAP_OFF FOG_EXP VERTEXLIGHT_ON _TERRAIN_NORMAL_MAP pd= ok=1
Cmd: compileSnippet
  api=4 type=1 insize=67174 outsize=4174 kw=DIRECTIONAL SHADOWS_OFF LIGHTMAP_OFF DIRLIGHTMAP_OFF DYNAMICLIGHTMAP_OFF FOG_EXP pd= ok=1
Cmd: compileSnippet
  api=1 type=1 insize=67174 outsize=1271 kw=DIRECTIONAL SHADOWS_SCREEN LIGHTMAP_OFF DIRLIGHTMAP_OFF DYNAMICLIGHTMAP_OFF FOG_EXP pd= ok=1
Cmd: compileSnippet
  api=4 type=1 insize=67174 outsize=5637 kw=DIRECTIONAL SHADOWS_OFF LIGHTMAP_OFF DIRLIGHTMAP_OFF DYNAMICLIGHTMAP_OFF FOG_EXP _TERRAIN_NORMAL_MAP pd= ok=1
Cmd: compileSnippet
  api=4 type=1 insize=67174 outsize=5946 kw=DIRECTIONAL SHADOWS_SCREEN LIGHTMAP_OFF DIRLIGHTMAP_OFF DYNAMICLIGHTMAP_OFF FOG_EXP _TERRAIN_NORMAL_MAP pd= ok=1
Cmd: compileSnippet
  api=1 type=0 insize=43012 outsize=594 kw=DIRECTIONAL FOG_EXP pd= ok=1
Cmd: compileSnippet
  api=1 type=0 insize=43012 outsize=594 kw=SPOT FOG_EXP pd= ok=1
Cmd: compileSnippet
  api=4 type=0 insize=43012 outsize=3565 kw=POINT_COOKIE FOG_EXP pd= ok=1
Cmd: compileSnippet
  api=1 type=0 insize=43012 outsize=1051 kw=DIRECTIONAL FOG_EXP _TERRAIN_NORMAL_MAP pd= ok=1
Cmd: compileSnippet
  api=4 type=0 insize=43012 outsize=4776 kw=SPOT FOG_EXP _TERRAIN_NORMAL_MAP pd= ok=1
Cmd: compileSnippet
  api=4 type=1 insize=43012 outsize=3646 kw=DIRECTIONAL FOG_EXP pd= ok=1
Cmd: compileSnippet
  api=1 type=1 insize=43012 outsize=1241 kw=POINT_COOKIE FOG_EXP pd= ok=1
Cmd: compileSnippet
  api=4 type=1 insize=43012 outsize=4540 kw=POINT_COOKIE FOG_EXP pd= ok=1
Cmd: compileSnippet
  api=1 type=1 insize=43012 outsize=1719 kw=POINT FOG_EXP _TERRAIN_NORMAL_MAP pd= ok=1
Cmd: compileSnippet
  api=1 type=1 insize=43012 outsize=1882 kw=SPOT FOG_EXP _TERRAIN_NORMAL_MAP pd= ok=1
Cmd: compileSnippet
  api=4 type=0 insize=58218 outsize=5036 kw=LIGHTMAP_OFF DIRLIGHTMAP_COMBINED DYNAMICLIGHTMAP_ON FOG_EXP HDR_LIGHT_PREPASS_OFF pd= ok=1
Cmd: compileSnippet
  api=1 type=0 insize=58218 outsize=1038 kw=LIGHTMAP_OFF DIRLIGHTMAP_COMBINED DYNAMICLIGHTMAP_ON FOG_EXP UNITY_HDR_ON pd= ok=1
Cmd: compileSnippet
  api=4 type=0 insize=58218 outsize=4889 kw=LIGHTMAP_OFF DIRLIGHTMAP_OFF DYNAMICLIGHTMAP_OFF FOG_EXP HDR_LIGHT_PREPASS_OFF _TERRAIN_NORMAL_MAP pd= ok=1
Cmd: compileSnippet
  api=1 type=0 insize=58218 outsize=1038 kw=LIGHTMAP_OFF DIRLIGHTMAP_COMBINED DYNAMICLIGHTMAP_ON FOG_EXP UNITY_HDR_ON _TERRAIN_NORMAL_MAP pd= ok=1
Cmd: compileSnippet
  api=1 type=1 insize=58218 outsize=837 kw=LIGHTMAP_OFF DIRLIGHTMAP_OFF DYNAMICLIGHTMAP_OFF FOG_EXP HDR_LIGHT_PREPASS_OFF pd= ok=1
Cmd: compileSnippet
  api=1 type=1 insize=58218 outsize=763 kw=LIGHTMAP_OFF DIRLIGHTMAP_OFF DYNAMICLIGHTMAP_OFF FOG_EXP UNITY_HDR_ON pd= ok=1
Cmd: compileSnippet
  api=1 type=1 insize=58218 outsize=837 kw=LIGHTMAP_OFF DIRLIGHTMAP_OFF DYNAMICLIGHTMAP_OFF FOG_EXP HDR_LIGHT_PREPASS_OFF _TERRAIN_NORMAL_MAP pd= ok=1
Cmd: compileSnippet
  api=4 type=1 insize=58218 outsize=3541 kw=LIGHTMAP_OFF DIRLIGHTMAP_COMBINED DYNAMICLIGHTMAP_ON FOG_EXP HDR_LIGHT_PREPASS_OFF _TERRAIN_NORMAL_MAP pd= ok=1
Cmd: compileSnippet
  api=4 type=1 insize=58218 outsize=3484 kw=LIGHTMAP_OFF DIRLIGHTMAP_COMBINED DYNAMICLIGHTMAP_ON FOG_EXP UNITY_HDR_ON _TERRAIN_NORMAL_MAP pd= ok=1
Cmd: compileSnippet
  api=8 type=0 insize=7129 outsize=5574 kw=DIRECTIONAL SHADOWS_OFF LIGHTMAP_OFF DIRLIGHTMAP_OFF DYNAMICLIGHTMAP_OFF FOG_EXP pd=UNITY_NO_SCREENSPACE_SHADOWS UNITY_NO_LINEAR_COLORSPACE ok=1
Cmd: compileSnippet
  api=1 type=0 insize=7129 outsize=691 kw=DIRECTIONAL SHADOWS_SCREEN LIGHTMAP_OFF DIRLIGHTMAP_COMBINED DYNAMICLIGHTMAP_ON FOG_EXP pd= ok=1
Cmd: compileSnippet
  api=8 type=0 insize=7129 outsize=7946 kw=DIRECTIONAL SHADOWS_OFF LIGHTMAP_OFF DIRLIGHTMAP_OFF DYNAMICLIGHTMAP_OFF FOG_EXP VERTEXLIGHT_ON pd=UNITY_NO_SCREENSPACE_SHADOWS UNITY_NO_LINEAR_COLORSPACE ok=1
Cmd: compileSnippet
  api=8 type=0 insize=7129 outsize=6630 kw=DIRECTIONAL SHADOWS_SCREEN SHADOWS_NATIVE LIGHTMAP_OFF DIRLIGHTMAP_OFF DYNAMICLIGHTMAP_OFF FOG_EXP pd=UNITY_NO_SCREENSPACE_SHADOWS UNITY_NO_LINEAR_COLORSPACE ok=1
Cmd: compileSnippet
  api=8 type=1 insize=7129 outsize=3713 kw=DIRECTIONAL SHADOWS_OFF LIGHTMAP_OFF DIRLIGHTMAP_OFF DYNAMICLIGHTMAP_OFF FOG_EXP pd=UNITY_NO_SCREENSPACE_SHADOWS UNITY_NO_LINEAR_COLORSPACE ok=1
Cmd: compileSnippet
  api=1 type=1 insize=7129 outsize=1128 kw=DIRECTIONAL SHADOWS_SCREEN LIGHTMAP_OFF DIRLIGHTMAP_COMBINED DYNAMICLIGHTMAP_ON FOG_EXP pd= ok=1
Cmd: compileSnippet
  api=1 type=0 insize=3858 outsize=393 kw=POINT FOG_EXP pd= ok=1
Cmd: compileSnippet
  api=4 type=0 insize=3858 outsize=3013 kw=DIRECTIONAL FOG_EXP pd= ok=1
Cmd: compileSnippet
  api=1 type=0 insize=3858 outsize=393 kw=POINT_COOKIE FOG_EXP pd= ok=1
Cmd: compileSnippet
  api=1 type=0 insize=3858 outsize=393 kw=DIRECTIONAL_COOKIE FOG_EXP pd= ok=1
Cmd: compileSnippet
  api=4 type=1 insize=3858 outsize=2964 kw=POINT FOG_EXP pd= ok=1
Cmd: compileSnippet
  api=1 type=1 insize=3858 outsize=875 kw=SPOT FOG_EXP pd= ok=1
Cmd: compileSnippet
  api=8 type=1 insize=3858 outsize=5086 kw=SPOT FOG_EXP pd=UNITY_NO_SCREENSPACE_SHADOWS UNITY_NO_LINEAR_COLORSPACE ok=1
Cmd: compileSnippet
  api=1 type=0 insize=6043 outsize=746 kw=LIGHTMAP_OFF DIRLIGHTMAP_OFF DYNAMICLIGHTMAP_OFF FOG_EXP HDR_LIGHT_PREPASS_OFF pd= ok=1
Cmd: compileSnippet
  api=4 type=0 insize=6043 outsize=4394 kw=LIGHTMAP_OFF DIRLIGHTMAP_COMBINED DYNAMICLIGHTMAP_ON FOG_EXP HDR_LIGHT_PREPASS_OFF pd= ok=1
Cmd: compileSnippet
  api=4 type=0 insize=6043 outsize=4394 kw=LIGHTMAP_OFF DIRLIGHTMAP_COMBINED DYNAMICLIGHTMAP_ON FOG_EXP UNITY_HDR_ON pd= ok=1
Cmd: compileSnippet
  api=8 type=1 insize=6043 outsize=2665 kw=LIGHTMAP_OFF DIRLIGHTMAP_OFF DYNAMICLIGHTMAP_OFF FOG_EXP HDR_LIGHT_PREPASS_OFF pd=UNITY_NO_SCREENSPACE_SHADOWS UNITY_NO_LINEAR_COLORSPACE ok=1
Cmd: compileSnippet
  api=8 type=1 insize=6043 outsize=2511 kw=LIGHTMAP_OFF DIRLIGHTMAP_OFF DYNAMICLIGHTMAP_OFF FOG_EXP UNITY_HDR_ON pd=UNITY_NO_SCREENSPACE_SHADOWS UNITY_NO_LINEAR_COLORSPACE ok=1
Cmd: compileSnippet
  api=4 type=0 insize=70382 outsize=4321 kw=DIRECTIONAL SHADOWS_OFF LIGHTMAP_OFF DIRLIGHTMAP_OFF DYNAMICLIGHTMAP_OFF FOG_EXP pd= ok=1
Cmd: compileSnippet
  api=4 type=0 insize=70382 outsize=5775 kw=DIRECTIONAL SHADOWS_OFF LIGHTMAP_OFF DIRLIGHTMAP_OFF DYNAMICLIGHTMAP_OFF FOG_EXP VERTEXLIGHT_ON pd= ok=1
Cmd: compileSnippet
  api=1 type=0 insize=70382 outsize=833 kw=DIRECTIONAL SHADOWS_SCREEN LIGHTMAP_OFF DIRLIGHTMAP_COMBINED DYNAMICLIGHTMAP_ON FOG_EXP VERTEXLIGHT_ON pd= ok=1
Cmd: compileSnippet
  api=1 type=0 insize=70382 outsize=1218 kw=DIRECTIONAL SHADOWS_OFF LIGHTMAP_OFF DIRLIGHTMAP_OFF DYNAMICLIGHTMAP_OFF FOG_EXP _TERRAIN_NORMAL_MAP pd= ok=1
Cmd: compileSnippet
  api=1 type=0 insize=70382 outsize=1352 kw=DIRECTIONAL SHADOWS_SCREEN LIGHTMAP_OFF DIRLIGHTMAP_OFF DYNAMICLIGHTMAP_OFF FOG_EXP _TERRAIN_NORMAL_MAP pd= ok=1
Cmd: compileSnippet
  api=4 type=0 insize=70382 outsize=5499 kw=DIRECTIONAL SHADOWS_SCREEN LIGHTMAP_OFF DIRLIGHTMAP_COMBINED DYNAMICLIGHTMAP_ON FOG_EXP _TERRAIN_NORMAL_MAP pd= ok=1
Cmd: compileSnippet
  api=4 type=0 insize=70382 outsize=5109 kw=DIRECTIONAL SHADOWS_OFF LIGHTMAP_OFF DIRLIGHTMAP_COMBINED DYNAMICLIGHTMAP_ON FOG_EXP VERTEXLIGHT_ON _TERRAIN_NORMAL_MAP pd= ok=1
Cmd: compileSnippet
  api=4 type=0 insize=70382 outsize=5499 kw=DIRECTIONAL SHADOWS_SCREEN LIGHTMAP_OFF DIRLIGHTMAP_COMBINED DYNAMICLIGHTMAP_ON FOG_EXP VERTEXLIGHT_ON _TERRAIN_NORMAL_MAP pd= ok=1
Cmd: compileSnippet
  api=4 type=1 insize=70382 outsize=12454 kw=DIRECTIONAL SHADOWS_OFF LIGHTMAP_OFF DIRLIGHTMAP_COMBINED DYNAMICLIGHTMAP_ON FOG_EXP pd= ok=1
Cmd: compileSnippet
  api=1 type=1 insize=70382 outsize=4492 kw=DIRECTIONAL SHADOWS_SCREEN LIGHTMAP_OFF DIRLIGHTMAP_COMBINED DYNAMICLIGHTMAP_ON FOG_EXP pd= ok=1
Cmd: compileSnippet
  api=4 type=1 insize=70382 outsize=13957 kw=DIRECTIONAL SHADOWS_OFF LIGHTMAP_OFF DIRLIGHTMAP_COMBINED DYNAMICLIGHTMAP_ON FOG_EXP _TERRAIN_NORMAL_MAP pd= ok=1
Cmd: compileSnippet
  api=1 type=1 insize=70382 outsize=5059 kw=DIRECTIONAL SHADOWS_SCREEN LIGHTMAP_OFF DIRLIGHTMAP_COMBINED DYNAMICLIGHTMAP_ON FOG_EXP _TERRAIN_NORMAL_MAP pd= ok=1
Cmd: compileSnippet
  api=4 type=0 insize=46248 outsize=3565 kw=DIRECTIONAL SHADOWS_OFF FOG_EXP pd= ok=1
Cmd: compileSnippet
  api=4 type=0 insize=46248 outsize=3565 kw=POINT_COOKIE SHADOWS_OFF FOG_EXP pd= ok=1
Cmd: compileSnippet
  api=4 type=0 insize=46248 outsize=4288 kw=SPOT SHADOWS_DEPTH SHADOWS_NATIVE FOG_EXP pd= ok=1
Cmd: compileSnippet
  api=1 type=0 insize=46248 outsize=651 kw=POINT SHADOWS_CUBE FOG_EXP pd= ok=1
Cmd: compileSnippet
  api=4 type=0 insize=46248 outsize=3784 kw=POINT_COOKIE SHADOWS_CUBE FOG_EXP pd= ok=1
Cmd: compileSnippet
  api=1 type=0 insize=46248 outsize=651 kw=POINT_COOKIE SHADOWS_CUBE SHADOWS_SOFT FOG_EXP pd= ok=1
Cmd: compileSnippet
  api=4 type=0 insize=46248 outsize=4776 kw=POINT SHADOWS_OFF FOG_EXP _TERRAIN_NORMAL_MAP pd= ok=1
Cmd: compileSnippet
  api=4 type=0 insize=46248 outsize=4776 kw=SPOT SHADOWS_OFF FOG_EXP _TERRAIN_NORMAL_MAP pd= ok=1
Cmd: compileSnippet
  api=1 type=0 insize=46248 outsize=1174 kw=SPOT SHADOWS_DEPTH SHADOWS_NATIVE FOG_EXP _TERRAIN_NORMAL_MAP pd= ok=1
Cmd: compileSnippet
  api=4 type=0 insize=46248 outsize=5166 kw=DIRECTIONAL SHADOWS_SCREEN FOG_EXP _TERRAIN_NORMAL_MAP pd= ok=1
Cmd: compileSnippet
  api=4 type=0 insize=46248 outsize=4995 kw=POINT SHADOWS_CUBE FOG_EXP _TERRAIN_NORMAL_MAP pd= ok=1
Cmd: compileSnippet
  api=1 type=0 insize=46248 outsize=1108 kw=POINT SHADOWS_CUBE SHADOWS_SOFT FOG_EXP _TERRAIN_NORMAL_MAP pd= ok=1
Cmd: compileSnippet
  api=4 type=0 insize=46248 outsize=4995 kw=POINT_COOKIE SHADOWS_CUBE SHADOWS_SOFT FOG_EXP _TERRAIN_NORMAL_MAP pd= ok=1
Cmd: compileSnippet
  api=1 type=1 insize=46248 outsize=2742 kw=POINT SHADOWS_OFF FOG_EXP pd= ok=1
Cmd: compileSnippet
  api=1 type=1 insize=46248 outsize=2792 kw=POINT_COOKIE SHADOWS_OFF FOG_EXP pd= ok=1
Cmd: compileSnippet
  api=1 type=1 insize=46248 outsize=2988 kw=SPOT SHADOWS_DEPTH SHADOWS_NATIVE FOG_EXP pd= ok=1
Cmd: compileSnippet
  api=1 type=1 insize=46248 outsize=2741 kw=DIRECTIONAL_COOKIE SHADOWS_SCREEN FOG_EXP pd= ok=1
Cmd: compileSnippet
  api=4 type=1 insize=46248 outsize=8765 kw=POINT_COOKIE SHADOWS_CUBE FOG_EXP pd= ok=1
Cmd: compileSnippet
  api=4 type=1 insize=46248 outsize=9350 kw=POINT SHADOWS_CUBE SHADOWS_SOFT FOG_EXP pd= ok=1
Cmd: compileSnippet
  api=4 type=1 insize=46248 outsize=9383 kw=POINT SHADOWS_OFF FOG_EXP _TERRAIN_NORMAL_MAP pd= ok=1
Cmd: compileSnippet
  api=1 type=1 insize=46248 outsize=3382 kw=SPOT SHADOWS_OFF FOG_EXP _TERRAIN_NORMAL_MAP pd= ok=1
Cmd: compileSnippet
  api=4 type=1 insize=46248 outsize=9131 kw=DIRECTIONAL_COOKIE SHADOWS_OFF FOG_EXP _TERRAIN_NORMAL_MAP pd= ok=1
Cmd: compileSnippet
  api=4 type=1 insize=46248 outsize=8968 kw=DIRECTIONAL SHADOWS_SCREEN FOG_EXP _TERRAIN_NORMAL_MAP pd= ok=1
Cmd: compileSnippet
  api=4 type=1 insize=46248 outsize=10000 kw=POINT SHADOWS_CUBE FOG_EXP _TERRAIN_NORMAL_MAP pd= ok=1
Cmd: compileSnippet
  api=4 type=1 insize=46248 outsize=10975 kw=SPOT SHADOWS_DEPTH SHADOWS_SOFT SHADOWS_NATIVE FOG_EXP _TERRAIN_NORMAL_MAP pd= ok=1
Cmd: compileSnippet
  api=4 type=1 insize=46248 outsize=10959 kw=POINT_COOKIE SHADOWS_CUBE SHADOWS_SOFT FOG_EXP _TERRAIN_NORMAL_MAP pd= ok=1
Cmd: compileSnippet
  api=1 type=0 insize=70718 outsize=797 kw=DIRECTIONAL SHADOWS_OFF LIGHTMAP_OFF DIRLIGHTMAP_OFF DYNAMICLIGHTMAP_OFF FOG_EXP pd= ok=1
Cmd: compileSnippet
  api=1 type=0 insize=70718 outsize=931 kw=DIRECTIONAL SHADOWS_SCREEN LIGHTMAP_OFF DIRLIGHTMAP_OFF DYNAMICLIGHTMAP_OFF FOG_EXP pd= ok=1
Cmd: compileSnippet
  api=1 type=0 insize=70718 outsize=1306 kw=DIRECTIONAL SHADOWS_OFF LIGHTMAP_OFF DIRLIGHTMAP_OFF DYNAMICLIGHTMAP_OFF FOG_EXP VERTEXLIGHT_ON pd= ok=1
Cmd: compileSnippet
  api=4 type=0 insize=70718 outsize=6165 kw=DIRECTIONAL SHADOWS_SCREEN LIGHTMAP_OFF DIRLIGHTMAP_OFF DYNAMICLIGHTMAP_OFF FOG_EXP VERTEXLIGHT_ON pd= ok=1
Cmd: compileSnippet
  api=1 type=0 insize=70718 outsize=1103 kw=DIRECTIONAL SHADOWS_OFF LIGHTMAP_OFF DIRLIGHTMAP_COMBINED DYNAMICLIGHTMAP_ON FOG_EXP _TERRAIN_NORMAL_MAP pd= ok=1
Cmd: compileSnippet
  api=1 type=0 insize=70718 outsize=1237 kw=DIRECTIONAL SHADOWS_SCREEN LIGHTMAP_OFF DIRLIGHTMAP_COMBINED DYNAMICLIGHTMAP_ON FOG_EXP _TERRAIN_NORMAL_MAP pd= ok=1
Cmd: compileSnippet
  api=1 type=0 insize=70718 outsize=1758 kw=DIRECTIONAL SHADOWS_OFF LIGHTMAP_OFF DIRLIGHTMAP_OFF DYNAMICLIGHTMAP_OFF FOG_EXP VERTEXLIGHT_ON _TERRAIN_NORMAL_MAP pd= ok=1
Cmd: compileSnippet
  api=4 type=0 insize=70718 outsize=7343 kw=DIRECTIONAL SHADOWS_SCREEN LIGHTMAP_OFF DIRLIGHTMAP_OFF DYNAMICLIGHTMAP_OFF FOG_EXP VERTEXLIGHT_ON _TERRAIN_NORMAL_MAP pd= ok=1
Cmd: compileSnippet
  api=1 type=1 insize=70718 outsize=4523 kw=DIRECTIONAL SHADOWS_OFF LIGHTMAP_OFF DIRLIGHTMAP_COMBINED DYNAMICLIGHTMAP_ON FOG_EXP pd= ok=1
Cmd: compileSnippet
  api=4 type=1 insize=70718 outsize=12811 kw=DIRECTIONAL SHADOWS_SCREEN LIGHTMAP_OFF DIRLIGHTMAP_COMBINED DYNAMICLIGHTMAP_ON FOG_EXP pd= ok=1
Cmd: compileSnippet
  api=1 type=1 insize=70718 outsize=4955 kw=DIRECTIONAL SHADOWS_OFF LIGHTMAP_OFF DIRLIGHTMAP_COMBINED DYNAMICLIGHTMAP_ON FOG_EXP _TERRAIN_NORMAL_MAP pd= ok=1
Cmd: compileSnippet
  api=4 type=1 insize=70718 outsize=14314 kw=DIRECTIONAL SHADOWS_SCREEN LIGHTMAP_OFF DIRLIGHTMAP_COMBINED DYNAMICLIGHTMAP_ON FOG_EXP _TERRAIN_NORMAL_MAP pd= ok=1
Cmd: compileSnippet
  api=4 type=0 insize=46584 outsize=3565 kw=DIRECTIONAL SHADOWS_OFF FOG_EXP pd= ok=1
Cmd: compileSnippet
  api=4 type=0 insize=46584 outsize=3565 kw=SPOT SHADOWS_OFF FOG_EXP pd= ok=1
Cmd: compileSnippet
  api=1 type=0 insize=46584 outsize=716 kw=SPOT SHADOWS_DEPTH SHADOWS_NATIVE FOG_EXP pd= ok=1
Cmd: compileSnippet
  api=4 type=0 insize=46584 outsize=3955 kw=DIRECTIONAL SHADOWS_SCREEN FOG_EXP pd= ok=1
Cmd: compileSnippet
  api=4 type=0 insize=46584 outsize=3784 kw=POINT SHADOWS_CUBE FOG_EXP pd= ok=1
Cmd: compileSnippet
  api=1 type=0 insize=46584 outsize=651 kw=POINT SHADOWS_CUBE SHADOWS_SOFT FOG_EXP pd= ok=1
Cmd: compileSnippet
  api=4 type=0 insize=46584 outsize=3784 kw=POINT_COOKIE SHADOWS_CUBE SHADOWS_SOFT FOG_EXP pd= ok=1
Cmd: compileSnippet
  api=4 type=0 insize=46584 outsize=4776 kw=DIRECTIONAL SHADOWS_OFF FOG_EXP _TERRAIN_NORMAL_MAP pd= ok=1
Cmd: compileSnippet
  api=1 type=0 insize=46584 outsize=1051 kw=DIRECTIONAL_COOKIE SHADOWS_OFF FOG_EXP _TERRAIN_NORMAL_MAP pd= ok=1
Cmd: compileSnippet
  api=1 type=0 insize=46584 outsize=1174 kw=SPOT SHADOWS_DEPTH SHADOWS_NATIVE FOG_EXP _TERRAIN_NORMAL_MAP pd= ok=1
Cmd: compileSnippet
  api=4 type=0 insize=46584 outsize=5166 kw=DIRECTIONAL SHADOWS_SCREEN FOG_EXP _TERRAIN_NORMAL_MAP pd= ok=1
Cmd: compileSnippet
  api=1 type=0 insize=46584 outsize=1108 kw=POINT_COOKIE SHADOWS_CUBE FOG_EXP _TERRAIN_NORMAL_MAP pd= ok=1
Cmd: compileSnippet
  api=4 type=0 insize=46584 outsize=5499 kw=SPOT SHADOWS_DEPTH SHADOWS_SOFT SHADOWS_NATIVE FOG_EXP _TERRAIN_NORMAL_MAP pd= ok=1
Cmd: compileSnippet
  api=1 type=1 insize=46584 outsize=2801 kw=POINT SHADOWS_OFF FOG_EXP pd= ok=1
Cmd: compileSnippet
  api=1 type=1 insize=46584 outsize=2851 kw=POINT_COOKIE SHADOWS_OFF FOG_EXP pd= ok=1
Cmd: compileSnippet
  api=4 type=1 insize=46584 outsize=7847 kw=DIRECTIONAL_COOKIE SHADOWS_OFF FOG_EXP pd= ok=1
Cmd: compileSnippet
  api=1 type=1 insize=46584 outsize=2657 kw=DIRECTIONAL SHADOWS_SCREEN FOG_EXP pd= ok=1
Cmd: compileSnippet
  api=1 type=1 insize=46584 outsize=3014 kw=POINT SHADOWS_CUBE FOG_EXP pd= ok=1
Cmd: compileSnippet
  api=4 type=1 insize=46584 outsize=9732 kw=SPOT SHADOWS_DEPTH SHADOWS_SOFT SHADOWS_NATIVE FOG_EXP pd= ok=1
Cmd: compileSnippet
  api=1 type=1 insize=46584 outsize=3347 kw=POINT_COOKIE SHADOWS_CUBE SHADOWS_SOFT FOG_EXP pd= ok=1
Cmd: compileSnippet
  api=1 type=1 insize=46584 outsize=3088 kw=DIRECTIONAL SHADOWS_OFF FOG_EXP _TERRAIN_NORMAL_MAP pd= ok=1
Cmd: compileSnippet
  api=4 type=1 insize=46584 outsize=9659 kw=POINT_COOKIE SHADOWS_OFF FOG_EXP _TERRAIN_NORMAL_MAP pd= ok=1
Cmd: compileSnippet
  api=1 type=1 insize=46584 outsize=3154 kw=DIRECTIONAL SHADOWS_SCREEN FOG_EXP _TERRAIN_NORMAL_MAP pd= ok=1
Cmd: compileSnippet
  api=4 type=1 insize=46584 outsize=10122 kw=POINT SHADOWS_CUBE FOG_EXP _TERRAIN_NORMAL_MAP pd= ok=1
Cmd: compileSnippet
  api=1 type=1 insize=46584 outsize=3746 kw=POINT SHADOWS_CUBE SHADOWS_SOFT FOG_EXP _TERRAIN_NORMAL_MAP pd= ok=1
Cmd: compileSnippet
  api=4 type=0 insize=7364 outsize=3191 kw=DIRECTIONAL SHADOWS_OFF LIGHTMAP_OFF DIRLIGHTMAP_COMBINED DYNAMICLIGHTMAP_ON FOG_EXP pd= ok=1
Cmd: compileSnippet
  api=4 type=0 insize=7364 outsize=3598 kw=DIRECTIONAL SHADOWS_SCREEN LIGHTMAP_OFF DIRLIGHTMAP_COMBINED DYNAMICLIGHTMAP_ON FOG_EXP pd= ok=1
Cmd: compileSnippet
  api=4 type=0 insize=7364 outsize=3191 kw=DIRECTIONAL SHADOWS_OFF LIGHTMAP_OFF DIRLIGHTMAP_COMBINED DYNAMICLIGHTMAP_ON FOG_EXP VERTEXLIGHT_ON pd= ok=1
Cmd: compileSnippet
  api=4 type=0 insize=7364 outsize=5523 kw=DIRECTIONAL SHADOWS_SCREEN LIGHTMAP_OFF DIRLIGHTMAP_OFF DYNAMICLIGHTMAP_OFF FOG_EXP VERTEXLIGHT_ON pd= ok=1
Cmd: compileSnippet
  api=1 type=1 insize=7364 outsize=3910 kw=DIRECTIONAL SHADOWS_OFF LIGHTMAP_OFF DIRLIGHTMAP_COMBINED DYNAMICLIGHTMAP_ON FOG_EXP pd= ok=1
Cmd: compileSnippet
  api=1 type=0 insize=4107 outsize=452 kw=DIRECTIONAL SHADOWS_OFF FOG_EXP pd= ok=1
Cmd: compileSnippet
  api=4 type=0 insize=4107 outsize=2907 kw=SPOT SHADOWS_OFF FOG_EXP pd= ok=1
Cmd: compileSnippet
  api=1 type=0 insize=4107 outsize=574 kw=SPOT SHADOWS_DEPTH SHADOWS_NATIVE FOG_EXP pd= ok=1
Cmd: compileSnippet
  api=1 type=0 insize=4107 outsize=606 kw=DIRECTIONAL SHADOWS_SCREEN FOG_EXP pd= ok=1
Cmd: compileSnippet
  api=1 type=0 insize=4107 outsize=509 kw=POINT SHADOWS_CUBE FOG_EXP pd= ok=1
Cmd: compileSnippet
  api=4 type=0 insize=4107 outsize=3630 kw=SPOT SHADOWS_DEPTH SHADOWS_SOFT SHADOWS_NATIVE FOG_EXP pd= ok=1
Cmd: compileSnippet
  api=1 type=0 insize=4107 outsize=509 kw=POINT_COOKIE SHADOWS_CUBE SHADOWS_SOFT FOG_EXP pd= ok=1
Cmd: compileSnippet
  api=1 type=1 insize=4107 outsize=2013 kw=DIRECTIONAL SHADOWS_OFF FOG_EXP pd= ok=1
Cmd: compileSnippet
  api=4 type=1 insize=4107 outsize=6685 kw=POINT_COOKIE SHADOWS_OFF FOG_EXP pd= ok=1
Cmd: compileSnippet
  api=4 type=1 insize=4107 outsize=7546 kw=SPOT SHADOWS_DEPTH SHADOWS_NATIVE FOG_EXP pd= ok=1
Cmd: compileSnippet
  api=1 type=1 insize=4107 outsize=2210 kw=DIRECTIONAL_COOKIE SHADOWS_SCREEN FOG_EXP pd= ok=1
Cmd: compileSnippet
  api=1 type=1 insize=4107 outsize=2558 kw=POINT_COOKIE SHADOWS_CUBE FOG_EXP pd= ok=1
Cmd: compileSnippet
  api=4 type=1 insize=4107 outsize=8156 kw=SPOT SHADOWS_DEPTH SHADOWS_SOFT SHADOWS_NATIVE FOG_EXP pd= ok=1
Cmd: compileSnippet
  api=1 type=1 insize=4107 outsize=2846 kw=POINT_COOKIE SHADOWS_CUBE SHADOWS_SOFT FOG_EXP pd= ok=1
Cmd: compileSnippet
  api=4 type=0 insize=4597 outsize=4410 kw=FOG_EXP pd= ok=1
Cmd: compileSnippet
  api=4 type=0 insize=4597 outsize=5149 kw=POINT FOG_EXP pd= ok=1
Cmd: compileSnippet
  api=4 type=0 insize=4597 outsize=5515 kw=SPOT FOG_EXP pd= ok=1
Cmd: compileSnippet
  api=1 type=1 insize=4597 outsize=212 kw=FOG_EXP pd= ok=1
Cmd: compileSnippet
  api=4 type=1 insize=4597 outsize=1241 kw=POINT FOG_EXP pd= ok=1
Cmd: compileSnippet
  api=8 type=0 insize=1807 outsize=3136 kw=FOG_EXP pd=UNITY_NO_SCREENSPACE_SHADOWS UNITY_NO_LINEAR_COLORSPACE ok=1
Cmd: compileSnippet
  api=8 type=1 insize=1807 outsize=2031 kw=FOG_EXP pd=UNITY_NO_SCREENSPACE_SHADOWS UNITY_NO_LINEAR_COLORSPACE ok=1
Cmd: compileSnippet
  api=8 type=0 insize=2082 outsize=3339 kw=FOG_EXP pd=UNITY_NO_SCREENSPACE_SHADOWS UNITY_NO_LINEAR_COLORSPACE ok=1
Cmd: compileSnippet
  api=8 type=1 insize=2082 outsize=2234 kw=FOG_EXP pd=UNITY_NO_SCREENSPACE_SHADOWS UNITY_NO_LINEAR_COLORSPACE ok=1
Cmd: compileSnippet
  api=4 type=0 insize=6924 outsize=3923 kw=DIRECTIONAL SHADOWS_OFF LIGHTMAP_OFF DIRLIGHTMAP_OFF DYNAMICLIGHTMAP_OFF FOG_EXP pd= ok=1
Cmd: compileSnippet
  api=1 type=0 insize=6924 outsize=691 kw=DIRECTIONAL SHADOWS_SCREEN LIGHTMAP_OFF DIRLIGHTMAP_COMBINED DYNAMICLIGHTMAP_ON FOG_EXP pd= ok=1
Cmd: compileSnippet
  api=8 type=0 insize=6924 outsize=7946 kw=DIRECTIONAL SHADOWS_OFF LIGHTMAP_OFF DIRLIGHTMAP_OFF DYNAMICLIGHTMAP_OFF FOG_EXP VERTEXLIGHT_ON pd=UNITY_NO_SCREENSPACE_SHADOWS UNITY_NO_LINEAR_COLORSPACE ok=1
Cmd: compileSnippet
  api=4 type=0 insize=6924 outsize=3598 kw=DIRECTIONAL SHADOWS_SCREEN LIGHTMAP_OFF DIRLIGHTMAP_COMBINED DYNAMICLIGHTMAP_ON FOG_EXP VERTEXLIGHT_ON pd= ok=1
Cmd: compileSnippet
  api=1 type=1 insize=6924 outsize=772 kw=DIRECTIONAL SHADOWS_OFF LIGHTMAP_OFF DIRLIGHTMAP_COMBINED DYNAMICLIGHTMAP_ON FOG_EXP pd= ok=1
Cmd: compileSnippet
  api=1 type=1 insize=6924 outsize=844 kw=DIRECTIONAL SHADOWS_SCREEN LIGHTMAP_OFF DIRLIGHTMAP_COMBINED DYNAMICLIGHTMAP_ON FOG_EXP pd= ok=1
Cmd: compileSnippet
  api=1 type=0 insize=3695 outsize=393 kw=DIRECTIONAL FOG_EXP pd= ok=1
Cmd: compileSnippet
  api=4 type=0 insize=3695 outsize=3013 kw=DIRECTIONAL FOG_EXP pd= ok=1
Cmd: compileSnippet
  api=8 type=0 insize=3695 outsize=4233 kw=SPOT FOG_EXP pd=UNITY_NO_SCREENSPACE_SHADOWS UNITY_NO_LINEAR_COLORSPACE ok=1
Cmd: compileSnippet
  api=4 type=0 insize=3695 outsize=3013 kw=DIRECTIONAL_COOKIE FOG_EXP pd= ok=1
Cmd: compileSnippet
  api=4 type=1 insize=3695 outsize=2119 kw=POINT FOG_EXP pd= ok=1
Cmd: compileSnippet
  api=1 type=1 insize=3695 outsize=631 kw=SPOT FOG_EXP pd= ok=1
Cmd: compileSnippet
  api=1 type=1 insize=3695 outsize=530 kw=POINT_COOKIE FOG_EXP pd= ok=1
Cmd: compileSnippet
  api=1 type=1 insize=3695 outsize=407 kw=DIRECTIONAL_COOKIE FOG_EXP pd= ok=1
Cmd: compileSnippet
  api=8 type=1 insize=3695 outsize=2738 kw=DIRECTIONAL_COOKIE FOG_EXP pd=UNITY_NO_SCREENSPACE_SHADOWS UNITY_NO_LINEAR_COLORSPACE ok=1
Cmd: compileSnippet
  api=1 type=0 insize=5962 outsize=746 kw=LIGHTMAP_OFF DIRLIGHTMAP_OFF DYNAMICLIGHTMAP_OFF FOG_EXP HDR_LIGHT_PREPASS_OFF pd= ok=1
Cmd: compileSnippet
  api=4 type=0 insize=5962 outsize=4394 kw=LIGHTMAP_OFF DIRLIGHTMAP_COMBINED DYNAMICLIGHTMAP_ON FOG_EXP HDR_LIGHT_PREPASS_OFF pd= ok=1
Cmd: compileSnippet
  api=4 type=0 insize=5962 outsize=4394 kw=LIGHTMAP_OFF DIRLIGHTMAP_COMBINED DYNAMICLIGHTMAP_ON FOG_EXP UNITY_HDR_ON pd= ok=1
Cmd: compileSnippet
  api=1 type=1 insize=5962 outsize=630 kw=LIGHTMAP_OFF DIRLIGHTMAP_COMBINED DYNAMICLIGHTMAP_ON FOG_EXP HDR_LIGHT_PREPASS_OFF pd= ok=1
Cmd: compileSnippet
  api=4 type=1 insize=5962 outsize=1574 kw=LIGHTMAP_OFF DIRLIGHTMAP_OFF DYNAMICLIGHTMAP_OFF FOG_EXP UNITY_HDR_ON pd= ok=1
Unhandled exception: Readfile from pipe failed. GLE=  .


Quitting shader compiler process
